mode: set
github.com/KarpelesLab/libwallet/wltasset/asset.go:32.65,33.15 1 0
github.com/KarpelesLab/libwallet/wltasset/asset.go:33.15,36.3 1 0
github.com/KarpelesLab/libwallet/wltasset/asset.go:37.2,38.16 2 0
github.com/KarpelesLab/libwallet/wltasset/asset.go:38.16,40.3 1 0
github.com/KarpelesLab/libwallet/wltasset/asset.go:41.2,42.9 2 0
github.com/KarpelesLab/libwallet/wltasset/asset.go:42.9,44.3 1 0
github.com/KarpelesLab/libwallet/wltasset/asset.go:46.2,51.12 5 0
github.com/KarpelesLab/libwallet/wltasset/coininfo.go:30.72,33.2 2 0
github.com/KarpelesLab/libwallet/wltasset/coininfo.go:35.71,38.2 2 0
github.com/KarpelesLab/libwallet/wltasset/coininfo.go:40.64,42.16 2 0
github.com/KarpelesLab/libwallet/wltasset/coininfo.go:42.16,44.3 1 0
github.com/KarpelesLab/libwallet/wltasset/coininfo.go:46.2,48.21 3 0
github.com/KarpelesLab/libwallet/wltasset/init.go:5.30,7.2 0 0
github.com/KarpelesLab/libwallet/rpc.go:15.18,18.2 1 0
github.com/KarpelesLab/libwallet/rpc.go:21.43,23.16 2 0
github.com/KarpelesLab/libwallet/rpc.go:23.16,25.3 1 0
github.com/KarpelesLab/libwallet/rpc.go:27.2,27.62 1 0
github.com/KarpelesLab/libwallet/rpc.go:31.51,33.16 2 0
github.com/KarpelesLab/libwallet/rpc.go:33.16,35.3 1 0
github.com/KarpelesLab/libwallet/rpc.go:37.2,37.78 1 0
github.com/KarpelesLab/libwallet/wltacct/account.go:52.45,54.24 2 0
github.com/KarpelesLab/libwallet/wltacct/account.go:54.24,56.3 1 0
github.com/KarpelesLab/libwallet/wltacct/account.go:57.2,58.27 2 0
github.com/KarpelesLab/libwallet/wltacct/account.go:64.46,66.23 1 0
github.com/KarpelesLab/libwallet/wltacct/account.go:66.23,68.17 2 0
github.com/KarpelesLab/libwallet/wltacct/account.go:68.17,70.4 1 0
github.com/KarpelesLab/libwallet/wltacct/account.go:71.3,72.12 2 0
github.com/KarpelesLab/libwallet/wltacct/account.go:76.2,77.16 2 0
github.com/KarpelesLab/libwallet/wltacct/account.go:77.16,79.3 1 0
github.com/KarpelesLab/libwallet/wltacct/account.go:81.2,81.18 1 0
github.com/KarpelesLab/libwallet/wltacct/account.go:82.13,85.17 2 0
github.com/KarpelesLab/libwallet/wltacct/account.go:85.17,87.4 1 0
github.com/KarpelesLab/libwallet/wltacct/account.go:88.3,89.17 2 0
github.com/KarpelesLab/libwallet/wltacct/account.go:89.17,91.4 1 0
github.com/KarpelesLab/libwallet/wltacct/account.go:92.3,94.13 3 0
github.com/KarpelesLab/libwallet/wltacct/account.go:95.17,98.17 2 0
github.com/KarpelesLab/libwallet/wltacct/account.go:98.17,100.4 1 0
github.com/KarpelesLab/libwallet/wltacct/account.go:101.3,104.22 2 0
github.com/KarpelesLab/libwallet/wltacct/account.go:105.18,108.18 2 0
github.com/KarpelesLab/libwallet/wltacct/account.go:108.18,110.5 1 0
github.com/KarpelesLab/libwallet/wltacct/account.go:111.4,112.18 2 0
github.com/KarpelesLab/libwallet/wltacct/account.go:112.18,114.5 1 0
github.com/KarpelesLab/libwallet/wltacct/account.go:115.4,117.14 3 0
github.com/KarpelesLab/libwallet/wltacct/account.go:118.23,121.18 2 0
github.com/KarpelesLab/libwallet/wltacct/account.go:121.18,123.5 1 0
github.com/KarpelesLab/libwallet/wltacct/account.go:124.4,125.18 2 0
github.com/KarpelesLab/libwallet/wltacct/account.go:125.18,127.5 1 0
github.com/KarpelesLab/libwallet/wltacct/account.go:128.4,130.14 3 0
github.com/KarpelesLab/libwallet/wltacct/account.go:131.19,134.18 2 0
github.com/KarpelesLab/libwallet/wltacct/account.go:134.18,136.5 1 0
github.com/KarpelesLab/libwallet/wltacct/account.go:137.4,138.18 2 0
github.com/KarpelesLab/libwallet/wltacct/account.go:138.18,140.5 1 0
github.com/KarpelesLab/libwallet/wltacct/account.go:141.4,143.14 3 0
github.com/KarpelesLab/libwallet/wltacct/account.go:144.19,147.18 2 0
github.com/KarpelesLab/libwallet/wltacct/account.go:147.18,149.5 1 0
github.com/KarpelesLab/libwallet/wltacct/account.go:150.4,151.18 2 0
github.com/KarpelesLab/libwallet/wltacct/account.go:151.18,153.5 1 0
github.com/KarpelesLab/libwallet/wltacct/account.go:154.4,156.14 3 0
github.com/KarpelesLab/libwallet/wltacct/account.go:158.3,158.14 1 0
github.com/KarpelesLab/libwallet/wltacct/account.go:159.16,161.17 2 0
github.com/KarpelesLab/libwallet/wltacct/account.go:161.17,163.4 1 0
github.com/KarpelesLab/libwallet/wltacct/account.go:164.3,166.13 3 0
github.com/KarpelesLab/libwallet/wltacct/account.go:167.10,171.13 3 0
github.com/KarpelesLab/libwallet/wltacct/account.go:177.51,179.2 1 0
github.com/KarpelesLab/libwallet/wltacct/account.go:185.56,188.31 2 0
github.com/KarpelesLab/libwallet/wltacct/account.go:188.31,195.17 5 0
github.com/KarpelesLab/libwallet/wltacct/account.go:195.17,197.4 1 0
github.com/KarpelesLab/libwallet/wltacct/account.go:198.3,200.13 3 0
github.com/KarpelesLab/libwallet/wltacct/account.go:204.2,208.16 3 0
github.com/KarpelesLab/libwallet/wltacct/account.go:208.16,210.3 1 0
github.com/KarpelesLab/libwallet/wltacct/account.go:213.2,214.16 2 0
github.com/KarpelesLab/libwallet/wltacct/account.go:214.16,216.3 1 0
github.com/KarpelesLab/libwallet/wltacct/account.go:219.2,220.16 2 0
github.com/KarpelesLab/libwallet/wltacct/account.go:220.16,222.3 1 0
github.com/KarpelesLab/libwallet/wltacct/account.go:225.2,231.16 5 0
github.com/KarpelesLab/libwallet/wltacct/account.go:231.16,233.3 1 0
github.com/KarpelesLab/libwallet/wltacct/account.go:234.2,235.16 2 0
github.com/KarpelesLab/libwallet/wltacct/account.go:235.16,237.3 1 0
github.com/KarpelesLab/libwallet/wltacct/account.go:238.2,240.12 3 0
github.com/KarpelesLab/libwallet/wltacct/account.go:245.71,247.2 1 0
github.com/KarpelesLab/libwallet/wltacct/account.go:252.52,254.16 2 0
github.com/KarpelesLab/libwallet/wltacct/account.go:254.16,256.3 1 0
github.com/KarpelesLab/libwallet/wltacct/account.go:257.2,258.16 2 0
github.com/KarpelesLab/libwallet/wltacct/account.go:258.16,260.3 1 0
github.com/KarpelesLab/libwallet/wltacct/account.go:261.2,261.12 1 0
github.com/KarpelesLab/libwallet/wltacct/account.go:266.45,268.2 1 0
github.com/KarpelesLab/libwallet/wltacct/account.go:273.78,274.23 1 0
github.com/KarpelesLab/libwallet/wltacct/account.go:274.23,276.3 1 0
github.com/KarpelesLab/libwallet/wltacct/account.go:277.2,278.16 2 0
github.com/KarpelesLab/libwallet/wltacct/account.go:278.16,280.3 1 0
github.com/KarpelesLab/libwallet/wltacct/account.go:281.2,282.20 2 0
github.com/KarpelesLab/libwallet/wltacct/account.go:286.39,288.2 1 0
github.com/KarpelesLab/libwallet/wltacct/account.go:301.122,304.21 2 0
github.com/KarpelesLab/libwallet/wltacct/account.go:304.21,306.3 1 0
github.com/KarpelesLab/libwallet/wltacct/account.go:307.2,308.20 2 0
github.com/KarpelesLab/libwallet/wltacct/account.go:308.20,310.3 1 0
github.com/KarpelesLab/libwallet/wltacct/account.go:313.2,314.26 2 0
github.com/KarpelesLab/libwallet/wltacct/account.go:314.26,316.17 2 0
github.com/KarpelesLab/libwallet/wltacct/account.go:316.17,318.4 1 0
github.com/KarpelesLab/libwallet/wltacct/account.go:319.3,319.22 1 0
github.com/KarpelesLab/libwallet/wltacct/account.go:319.22,321.4 1 0
github.com/KarpelesLab/libwallet/wltacct/account.go:322.3,322.25 1 0
github.com/KarpelesLab/libwallet/wltacct/account.go:326.2,327.16 2 0
github.com/KarpelesLab/libwallet/wltacct/account.go:327.16,329.3 1 0
github.com/KarpelesLab/libwallet/wltacct/account.go:332.2,333.16 2 0
github.com/KarpelesLab/libwallet/wltacct/account.go:333.16,335.3 1 0
github.com/KarpelesLab/libwallet/wltacct/account.go:338.2,339.16 2 0
github.com/KarpelesLab/libwallet/wltacct/account.go:339.16,341.3 1 0
github.com/KarpelesLab/libwallet/wltacct/account.go:343.2,343.21 1 0
github.com/KarpelesLab/libwallet/wltacct/account.go:349.59,351.14 2 0
github.com/KarpelesLab/libwallet/wltacct/account.go:351.14,353.3 1 0
github.com/KarpelesLab/libwallet/wltacct/account.go:355.2,357.58 2 0
github.com/KarpelesLab/libwallet/wltacct/account.go:357.58,360.3 2 0
github.com/KarpelesLab/libwallet/wltacct/account.go:361.2,361.14 1 0
github.com/KarpelesLab/libwallet/wltacct/account.go:361.14,363.3 1 0
github.com/KarpelesLab/libwallet/wltacct/account.go:364.2,364.18 1 0
github.com/KarpelesLab/libwallet/wltacct/account.go:369.59,371.14 2 0
github.com/KarpelesLab/libwallet/wltacct/account.go:371.14,373.3 1 0
github.com/KarpelesLab/libwallet/wltacct/account.go:375.2,375.27 1 0
github.com/KarpelesLab/libwallet/wltacct/account.go:382.54,390.2 3 0
github.com/KarpelesLab/libwallet/wltacct/account.go:400.95,402.9 2 0
github.com/KarpelesLab/libwallet/wltacct/account.go:402.9,404.3 1 0
github.com/KarpelesLab/libwallet/wltacct/account.go:406.2,410.16 3 0
github.com/KarpelesLab/libwallet/wltacct/account.go:410.16,412.3 1 0
github.com/KarpelesLab/libwallet/wltacct/account.go:415.2,415.35 1 0
github.com/KarpelesLab/libwallet/wltacct/api.go:18.13,27.2 2 0
github.com/KarpelesLab/libwallet/wltacct/api.go:29.108,30.62 1 0
github.com/KarpelesLab/libwallet/wltacct/api.go:30.62,32.3 1 0
github.com/KarpelesLab/libwallet/wltacct/api.go:34.2,34.16 1 0
github.com/KarpelesLab/libwallet/wltacct/api.go:34.16,36.3 1 0
github.com/KarpelesLab/libwallet/wltacct/api.go:38.2,49.16 3 0
github.com/KarpelesLab/libwallet/wltacct/api.go:49.16,51.3 1 0
github.com/KarpelesLab/libwallet/wltacct/api.go:53.2,54.16 2 0
github.com/KarpelesLab/libwallet/wltacct/api.go:54.16,56.3 1 0
github.com/KarpelesLab/libwallet/wltacct/api.go:57.2,57.21 1 0
github.com/KarpelesLab/libwallet/wltacct/api.go:60.37,62.16 2 0
github.com/KarpelesLab/libwallet/wltacct/api.go:62.16,65.3 2 0
github.com/KarpelesLab/libwallet/wltacct/api.go:66.2,66.18 1 0
github.com/KarpelesLab/libwallet/wltacct/api.go:69.58,71.16 2 0
github.com/KarpelesLab/libwallet/wltacct/api.go:71.16,73.3 1 0
github.com/KarpelesLab/libwallet/wltacct/api.go:74.2,74.24 1 0
github.com/KarpelesLab/libwallet/wltacct/api.go:74.24,76.3 1 0
github.com/KarpelesLab/libwallet/wltacct/api.go:77.2,79.8 3 0
github.com/KarpelesLab/libwallet/wltacct/api.go:82.54,84.16 2 0
github.com/KarpelesLab/libwallet/wltacct/api.go:84.16,85.49 1 0
github.com/KarpelesLab/libwallet/wltacct/api.go:85.49,87.4 1 0
github.com/KarpelesLab/libwallet/wltacct/api.go:91.2,91.46 1 0
github.com/KarpelesLab/libwallet/wltacct/api.go:91.46,93.3 1 0
github.com/KarpelesLab/libwallet/wltacct/api.go:93.8,93.44 1 0
github.com/KarpelesLab/libwallet/wltacct/api.go:93.44,96.3 1 0
github.com/KarpelesLab/libwallet/wltacct/api.go:98.2,99.17 2 0
github.com/KarpelesLab/libwallet/wltacct/api.go:99.17,101.3 1 0
github.com/KarpelesLab/libwallet/wltacct/api.go:102.2,103.23 2 0
github.com/KarpelesLab/libwallet/wltacct/api.go:103.23,105.17 2 0
github.com/KarpelesLab/libwallet/wltacct/api.go:105.17,106.12 1 0
github.com/KarpelesLab/libwallet/wltacct/api.go:108.3,108.23 1 0
github.com/KarpelesLab/libwallet/wltacct/api.go:108.23,110.4 1 0
github.com/KarpelesLab/libwallet/wltacct/api.go:112.2,112.22 1 0
github.com/KarpelesLab/libwallet/wltacct/api.go:112.22,114.3 1 0
github.com/KarpelesLab/libwallet/wltacct/api.go:115.2,115.17 1 0
github.com/KarpelesLab/libwallet/wltacct/api.go:118.58,120.16 2 0
github.com/KarpelesLab/libwallet/wltacct/api.go:120.16,122.3 1 0
github.com/KarpelesLab/libwallet/wltacct/api.go:124.2,124.37 1 0
github.com/KarpelesLab/libwallet/wltacct/api.go:127.62,128.43 1 0
github.com/KarpelesLab/libwallet/wltacct/api.go:128.43,130.17 2 0
github.com/KarpelesLab/libwallet/wltacct/api.go:130.17,132.4 1 0
github.com/KarpelesLab/libwallet/wltacct/api.go:135.2,136.16 2 0
github.com/KarpelesLab/libwallet/wltacct/api.go:136.16,138.3 1 0
github.com/KarpelesLab/libwallet/wltacct/api.go:139.2,139.18 1 0
github.com/KarpelesLab/libwallet/wltacct/api.go:142.66,143.25 1 0
github.com/KarpelesLab/libwallet/wltacct/api.go:143.25,145.3 1 0
github.com/KarpelesLab/libwallet/wltacct/api.go:147.2,148.16 2 0
github.com/KarpelesLab/libwallet/wltacct/api.go:148.16,150.3 1 0
github.com/KarpelesLab/libwallet/wltacct/api.go:152.2,153.16 2 0
github.com/KarpelesLab/libwallet/wltacct/api.go:153.16,155.3 1 0
github.com/KarpelesLab/libwallet/wltacct/api.go:157.2,157.17 1 0
github.com/KarpelesLab/libwallet/wltacct/api.go:160.83,162.14 2 0
github.com/KarpelesLab/libwallet/wltacct/api.go:162.14,164.3 1 0
github.com/KarpelesLab/libwallet/wltacct/api.go:166.2,166.18 1 0
github.com/KarpelesLab/libwallet/wltacct/api.go:166.18,168.3 1 0
github.com/KarpelesLab/libwallet/wltacct/api.go:170.2,171.16 2 0
github.com/KarpelesLab/libwallet/wltacct/api.go:171.16,173.3 1 0
github.com/KarpelesLab/libwallet/wltacct/api.go:175.2,175.27 1 0
github.com/KarpelesLab/libwallet/wltacct/api.go:178.58,180.2 1 0
github.com/KarpelesLab/libwallet/wltacct/api.go:187.17,189.14 2 0
github.com/KarpelesLab/libwallet/wltacct/api.go:189.14,191.3 1 0
github.com/KarpelesLab/libwallet/wltacct/api.go:193.2,194.16 2 0
github.com/KarpelesLab/libwallet/wltacct/api.go:194.16,196.3 1 0
github.com/KarpelesLab/libwallet/wltacct/api.go:197.2,198.16 2 0
github.com/KarpelesLab/libwallet/wltacct/api.go:198.16,200.3 1 0
github.com/KarpelesLab/libwallet/wltacct/api.go:202.2,202.61 1 0
github.com/KarpelesLab/libwallet/wltacct/api.go:205.61,207.14 2 0
github.com/KarpelesLab/libwallet/wltacct/api.go:207.14,209.3 1 0
github.com/KarpelesLab/libwallet/wltacct/api.go:211.2,212.17 2 0
github.com/KarpelesLab/libwallet/wltacct/api.go:212.17,214.3 1 0
github.com/KarpelesLab/libwallet/wltacct/api.go:216.2,217.18 2 0
github.com/KarpelesLab/libwallet/wltacct/delete.go:14.26,17.2 2 0
github.com/KarpelesLab/libwallet/wltacct/delete.go:19.67,20.21 1 0
github.com/KarpelesLab/libwallet/wltacct/delete.go:20.21,23.17 2 0
github.com/KarpelesLab/libwallet/wltacct/delete.go:23.17,25.12 2 0
github.com/KarpelesLab/libwallet/wltacct/delete.go:27.3,36.17 3 0
github.com/KarpelesLab/libwallet/wltacct/delete.go:36.17,38.12 2 0
github.com/KarpelesLab/libwallet/wltacct/delete.go:41.3,42.17 2 0
github.com/KarpelesLab/libwallet/wltacct/delete.go:42.17,44.4 1 0
github.com/KarpelesLab/libwallet/wltacct/delete.go:49.66,50.21 1 0
github.com/KarpelesLab/libwallet/wltacct/delete.go:50.21,53.17 2 0
github.com/KarpelesLab/libwallet/wltacct/delete.go:53.17,55.12 2 0
github.com/KarpelesLab/libwallet/wltacct/delete.go:58.3,58.30 1 0
github.com/KarpelesLab/libwallet/wltacct/delete.go:58.30,60.18 2 0
github.com/KarpelesLab/libwallet/wltacct/delete.go:60.18,62.5 1 0
github.com/KarpelesLab/libwallet/wltacct/init.go:5.30,7.2 0 0
github.com/KarpelesLab/libwallet/wltsign/opts.go:15.39,17.2 1 1
github.com/KarpelesLab/libwallet/wltobj/amount.go:30.51,36.2 2 1
github.com/KarpelesLab/libwallet/wltobj/amount.go:39.36,40.19 1 1
github.com/KarpelesLab/libwallet/wltobj/amount.go:40.19,42.3 1 1
github.com/KarpelesLab/libwallet/wltobj/amount.go:43.2,46.36 2 1
github.com/KarpelesLab/libwallet/wltobj/amount.go:51.71,53.2 1 1
github.com/KarpelesLab/libwallet/wltobj/amount.go:57.77,58.19 1 1
github.com/KarpelesLab/libwallet/wltobj/amount.go:58.19,61.16 3 1
github.com/KarpelesLab/libwallet/wltobj/amount.go:61.16,63.4 1 1
github.com/KarpelesLab/libwallet/wltobj/amount.go:63.9,65.4 1 1
github.com/KarpelesLab/libwallet/wltobj/amount.go:67.2,67.18 1 1
github.com/KarpelesLab/libwallet/wltobj/amount.go:67.18,69.3 1 1
github.com/KarpelesLab/libwallet/wltobj/amount.go:71.2,80.15 5 1
github.com/KarpelesLab/libwallet/wltobj/amount.go:84.32,85.14 1 1
github.com/KarpelesLab/libwallet/wltobj/amount.go:85.14,87.3 1 1
github.com/KarpelesLab/libwallet/wltobj/amount.go:88.2,92.12 2 1
github.com/KarpelesLab/libwallet/wltobj/amount.go:96.67,97.19 1 1
github.com/KarpelesLab/libwallet/wltobj/amount.go:97.19,100.16 3 1
github.com/KarpelesLab/libwallet/wltobj/amount.go:100.16,102.18 2 1
github.com/KarpelesLab/libwallet/wltobj/amount.go:102.18,104.5 1 1
github.com/KarpelesLab/libwallet/wltobj/amount.go:105.4,106.15 2 1
github.com/KarpelesLab/libwallet/wltobj/amount.go:108.3,109.16 2 1
github.com/KarpelesLab/libwallet/wltobj/amount.go:109.16,111.11 2 1
github.com/KarpelesLab/libwallet/wltobj/amount.go:111.11,113.5 1 1
github.com/KarpelesLab/libwallet/wltobj/amount.go:114.4,114.18 1 1
github.com/KarpelesLab/libwallet/wltobj/amount.go:114.18,117.5 2 1
github.com/KarpelesLab/libwallet/wltobj/amount.go:118.4,118.46 1 1
github.com/KarpelesLab/libwallet/wltobj/amount.go:120.3,122.10 3 1
github.com/KarpelesLab/libwallet/wltobj/amount.go:122.10,124.4 1 1
github.com/KarpelesLab/libwallet/wltobj/amount.go:125.3,126.12 2 1
github.com/KarpelesLab/libwallet/wltobj/amount.go:126.12,129.4 2 1
github.com/KarpelesLab/libwallet/wltobj/amount.go:130.3,130.40 1 1
github.com/KarpelesLab/libwallet/wltobj/amount.go:132.2,133.16 2 1
github.com/KarpelesLab/libwallet/wltobj/amount.go:133.16,135.3 1 0
github.com/KarpelesLab/libwallet/wltobj/amount.go:137.2,138.15 2 1
github.com/KarpelesLab/libwallet/wltobj/amount.go:142.53,144.2 1 1
github.com/KarpelesLab/libwallet/wltobj/amount.go:147.44,148.20 1 1
github.com/KarpelesLab/libwallet/wltobj/amount.go:148.20,150.3 1 1
github.com/KarpelesLab/libwallet/wltobj/amount.go:151.2,154.22 4 1
github.com/KarpelesLab/libwallet/wltobj/amount.go:158.54,161.2 2 1
github.com/KarpelesLab/libwallet/wltobj/amount.go:164.31,167.2 2 1
github.com/KarpelesLab/libwallet/wltobj/amount.go:170.34,172.2 1 1
github.com/KarpelesLab/libwallet/wltobj/amount.go:175.27,177.2 1 1
github.com/KarpelesLab/libwallet/wltobj/amount.go:180.40,181.16 1 1
github.com/KarpelesLab/libwallet/wltobj/amount.go:181.16,183.3 1 1
github.com/KarpelesLab/libwallet/wltobj/amount.go:185.2,185.15 1 1
github.com/KarpelesLab/libwallet/wltobj/amount.go:185.15,190.3 4 1
github.com/KarpelesLab/libwallet/wltobj/amount.go:192.2,195.24 4 1
github.com/KarpelesLab/libwallet/wltobj/amount.go:195.24,197.3 1 1
github.com/KarpelesLab/libwallet/wltobj/amount.go:198.2,201.10 4 1
github.com/KarpelesLab/libwallet/wltobj/amount.go:204.33,207.16 2 1
github.com/KarpelesLab/libwallet/wltobj/amount.go:207.16,209.3 1 1
github.com/KarpelesLab/libwallet/wltobj/amount.go:211.2,211.20 1 1
github.com/KarpelesLab/libwallet/wltobj/amount.go:211.20,214.3 2 1
github.com/KarpelesLab/libwallet/wltobj/amount.go:215.2,215.20 1 1
github.com/KarpelesLab/libwallet/wltobj/amount.go:215.20,218.3 2 1
github.com/KarpelesLab/libwallet/wltobj/amount.go:220.2,220.17 1 1
github.com/KarpelesLab/libwallet/wltobj/amount.go:223.31,225.2 1 1
github.com/KarpelesLab/libwallet/wltobj/amount.go:227.28,228.20 1 1
github.com/KarpelesLab/libwallet/wltobj/amount.go:228.20,230.3 1 1
github.com/KarpelesLab/libwallet/wltobj/amount.go:231.2,231.23 1 1
github.com/KarpelesLab/libwallet/wltobj/amount.go:235.36,236.20 1 1
github.com/KarpelesLab/libwallet/wltobj/amount.go:236.20,237.59 1 1
github.com/KarpelesLab/libwallet/wltobj/amount.go:239.2,239.29 1 1
github.com/KarpelesLab/libwallet/wltobj/amount.go:243.44,247.2 3 1
github.com/KarpelesLab/libwallet/wltobj/amount.go:250.44,251.20 1 1
github.com/KarpelesLab/libwallet/wltobj/amount.go:251.20,253.3 1 1
github.com/KarpelesLab/libwallet/wltobj/amount.go:254.2,254.20 1 1
github.com/KarpelesLab/libwallet/wltobj/amount.go:254.20,256.3 1 0
github.com/KarpelesLab/libwallet/wltobj/amount.go:257.2,258.10 2 1
github.com/KarpelesLab/libwallet/wltobj/amount.go:262.44,263.20 1 1
github.com/KarpelesLab/libwallet/wltobj/amount.go:263.20,265.3 1 0
github.com/KarpelesLab/libwallet/wltobj/amount.go:266.2,266.20 1 1
github.com/KarpelesLab/libwallet/wltobj/amount.go:266.20,268.3 1 1
github.com/KarpelesLab/libwallet/wltobj/amount.go:269.2,270.10 2 1
github.com/KarpelesLab/libwallet/wltobj/amount.go:279.47,280.20 1 1
github.com/KarpelesLab/libwallet/wltobj/amount.go:280.20,283.3 2 1
github.com/KarpelesLab/libwallet/wltobj/amount.go:284.2,286.24 3 1
github.com/KarpelesLab/libwallet/wltobj/amount.go:289.48,294.16 5 1
github.com/KarpelesLab/libwallet/wltobj/amount.go:294.16,296.3 1 1
github.com/KarpelesLab/libwallet/wltobj/amount.go:298.2,298.18 1 1
github.com/KarpelesLab/libwallet/wltobj/amount.go:301.36,302.24 1 1
github.com/KarpelesLab/libwallet/wltobj/amount.go:303.14,305.17 2 1
github.com/KarpelesLab/libwallet/wltobj/amount.go:305.17,307.4 1 0
github.com/KarpelesLab/libwallet/wltobj/amount.go:308.3,309.13 2 1
github.com/KarpelesLab/libwallet/wltobj/amount.go:310.19,312.17 2 1
github.com/KarpelesLab/libwallet/wltobj/amount.go:312.17,314.4 1 0
github.com/KarpelesLab/libwallet/wltobj/amount.go:315.3,316.13 2 1
github.com/KarpelesLab/libwallet/wltobj/amount.go:317.22,320.17 3 1
github.com/KarpelesLab/libwallet/wltobj/amount.go:320.17,322.12 2 1
github.com/KarpelesLab/libwallet/wltobj/amount.go:322.12,324.5 1 1
github.com/KarpelesLab/libwallet/wltobj/amount.go:325.4,326.18 2 1
github.com/KarpelesLab/libwallet/wltobj/amount.go:326.18,328.5 1 1
github.com/KarpelesLab/libwallet/wltobj/amount.go:329.4,331.14 3 1
github.com/KarpelesLab/libwallet/wltobj/amount.go:333.3,334.10 2 1
github.com/KarpelesLab/libwallet/wltobj/amount.go:334.10,336.18 2 1
github.com/KarpelesLab/libwallet/wltobj/amount.go:336.18,338.5 1 0
github.com/KarpelesLab/libwallet/wltobj/amount.go:339.4,340.18 2 1
github.com/KarpelesLab/libwallet/wltobj/amount.go:340.18,342.5 1 0
github.com/KarpelesLab/libwallet/wltobj/amount.go:343.4,344.14 2 1
github.com/KarpelesLab/libwallet/wltobj/amount.go:346.3,346.56 1 1
github.com/KarpelesLab/libwallet/wltobj/amount.go:347.10,348.53 1 1
github.com/KarpelesLab/libwallet/wltobj/amount.go:352.32,355.2 2 1
github.com/KarpelesLab/libwallet/wltobj/amount.go:357.49,359.2 1 1
github.com/KarpelesLab/libwallet/wltobj/amount.go:361.53,362.19 1 1
github.com/KarpelesLab/libwallet/wltobj/amount.go:362.19,364.3 1 1
github.com/KarpelesLab/libwallet/wltobj/amount.go:365.2,365.18 1 1
github.com/KarpelesLab/libwallet/wltobj/amount.go:365.18,367.3 1 1
github.com/KarpelesLab/libwallet/wltobj/amount.go:368.2,369.12 2 1
github.com/KarpelesLab/libwallet/wltobj/amount.go:369.12,371.3 1 1
github.com/KarpelesLab/libwallet/wltobj/amount.go:373.2,375.12 3 1
github.com/KarpelesLab/libwallet/wltobj/amount.go:384.28,389.8 4 1
github.com/KarpelesLab/libwallet/wltobj/amount.go:389.8,391.3 1 1
github.com/KarpelesLab/libwallet/wltobj/amount.go:393.2,399.12 5 1
github.com/KarpelesLab/libwallet/wltobj/amount.go:402.31,407.8 4 1
github.com/KarpelesLab/libwallet/wltobj/amount.go:407.8,409.3 1 1
github.com/KarpelesLab/libwallet/wltobj/amount.go:411.2,417.12 5 1
github.com/KarpelesLab/libwallet/wltobj/json.go:15.51,16.18 1 1
github.com/KarpelesLab/libwallet/wltobj/json.go:16.18,18.3 1 1
github.com/KarpelesLab/libwallet/wltobj/json.go:19.2,19.28 1 1
github.com/KarpelesLab/libwallet/wltobj/json.go:22.42,23.25 1 1
github.com/KarpelesLab/libwallet/wltobj/json.go:24.11,26.13 2 1
github.com/KarpelesLab/libwallet/wltobj/json.go:27.14,29.43 2 1
github.com/KarpelesLab/libwallet/wltobj/json.go:29.43,31.4 1 1
github.com/KarpelesLab/libwallet/wltobj/json.go:32.3,32.13 1 1
github.com/KarpelesLab/libwallet/wltobj/json.go:33.14,35.51 2 1
github.com/KarpelesLab/libwallet/wltobj/json.go:35.51,37.4 1 1
github.com/KarpelesLab/libwallet/wltobj/json.go:38.3,38.13 1 1
github.com/KarpelesLab/libwallet/wltobj/json.go:39.10,40.63 1 1
github.com/KarpelesLab/libwallet/wltobj/json.go:44.51,45.18 1 1
github.com/KarpelesLab/libwallet/wltobj/json.go:45.18,47.3 1 1
github.com/KarpelesLab/libwallet/wltobj/json.go:48.2,48.37 1 1
github.com/KarpelesLab/libwallet/wltobj/json.go:51.52,53.46 2 1
github.com/KarpelesLab/libwallet/wltobj/json.go:53.46,55.3 1 1
github.com/KarpelesLab/libwallet/wltobj/json.go:56.2,56.14 1 1
github.com/KarpelesLab/libwallet/wltobj/json.go:56.14,59.3 2 1
github.com/KarpelesLab/libwallet/wltobj/json.go:60.2,61.43 2 1
github.com/KarpelesLab/libwallet/wltobj/json.go:61.43,63.3 1 1
github.com/KarpelesLab/libwallet/wltobj/json.go:64.2,64.12 1 1
github.com/KarpelesLab/libwallet/wltobj/json.go:70.56,71.14 1 1
github.com/KarpelesLab/libwallet/wltobj/json.go:71.14,73.3 1 1
github.com/KarpelesLab/libwallet/wltobj/json.go:74.2,75.16 2 1
github.com/KarpelesLab/libwallet/wltobj/json.go:75.16,77.3 1 0
github.com/KarpelesLab/libwallet/wltobj/json.go:78.2,78.23 1 1
github.com/KarpelesLab/libwallet/wltobj/json.go:81.47,82.25 1 1
github.com/KarpelesLab/libwallet/wltobj/json.go:83.11,85.13 2 1
github.com/KarpelesLab/libwallet/wltobj/json.go:86.14,87.51 1 1
github.com/KarpelesLab/libwallet/wltobj/json.go:88.14,89.43 1 1
github.com/KarpelesLab/libwallet/wltobj/json.go:90.10,91.68 1 1
github.com/KarpelesLab/libwallet/wltobj/timeid.go:33.26,40.2 3 1
github.com/KarpelesLab/libwallet/wltobj/timeid.go:43.32,47.2 3 1
github.com/KarpelesLab/libwallet/wltobj/timeid.go:50.45,52.17 2 1
github.com/KarpelesLab/libwallet/wltobj/timeid.go:52.17,54.3 1 1
github.com/KarpelesLab/libwallet/wltobj/timeid.go:56.2,57.18 2 1
github.com/KarpelesLab/libwallet/wltobj/timeid.go:57.18,60.3 2 1
github.com/KarpelesLab/libwallet/wltobj/timeid.go:62.2,65.25 4 1
github.com/KarpelesLab/libwallet/wltobj/timeid.go:65.25,67.17 2 1
github.com/KarpelesLab/libwallet/wltobj/timeid.go:67.17,69.4 1 1
github.com/KarpelesLab/libwallet/wltobj/timeid.go:70.3,70.12 1 1
github.com/KarpelesLab/libwallet/wltobj/timeid.go:73.2,79.15 2 1
github.com/KarpelesLab/libwallet/wltobj/timeid.go:83.34,85.2 1 1
github.com/KarpelesLab/libwallet/wltobj/timeid.go:87.33,88.18 1 1
github.com/KarpelesLab/libwallet/wltobj/timeid.go:88.18,90.3 1 1
github.com/KarpelesLab/libwallet/wltobj/timeid.go:91.2,91.61 1 1
github.com/KarpelesLab/libwallet/wltobj/timeid.go:94.47,96.2 1 1
github.com/KarpelesLab/libwallet/wltobj/timeid.go:98.48,101.16 3 1
github.com/KarpelesLab/libwallet/wltobj/timeid.go:101.16,103.3 1 1
github.com/KarpelesLab/libwallet/wltobj/timeid.go:104.2,105.17 2 1
github.com/KarpelesLab/libwallet/wltobj/timeid.go:105.17,107.3 1 1
github.com/KarpelesLab/libwallet/wltobj/timeid.go:108.2,109.18 2 1
github.com/KarpelesLab/libwallet/wltobj/timeid.go:109.18,112.3 2 1
github.com/KarpelesLab/libwallet/wltobj/timeid.go:113.2,115.25 3 1
github.com/KarpelesLab/libwallet/wltobj/timeid.go:115.25,117.17 2 1
github.com/KarpelesLab/libwallet/wltobj/timeid.go:117.17,119.4 1 1
github.com/KarpelesLab/libwallet/wltobj/timeid.go:120.3,120.12 1 1
github.com/KarpelesLab/libwallet/wltobj/timeid.go:123.2,127.12 5 1
github.com/KarpelesLab/libwallet/wltobj/timeid.go:131.42,138.2 6 1
github.com/KarpelesLab/libwallet/wltobj/timeid.go:140.49,142.2 1 1
github.com/KarpelesLab/libwallet/wltobj/timeid.go:144.50,145.18 1 1
github.com/KarpelesLab/libwallet/wltobj/timeid.go:145.18,147.3 1 1
github.com/KarpelesLab/libwallet/wltobj/timeid.go:148.2,151.12 4 1
github.com/KarpelesLab/libwallet/wltobj/timeid.go:155.42,156.26 1 1
github.com/KarpelesLab/libwallet/wltobj/timeid.go:156.26,159.3 2 1
github.com/KarpelesLab/libwallet/wltobj/timeid.go:161.2,161.27 1 1
github.com/KarpelesLab/libwallet/wltobj/timeid.go:161.27,162.27 1 1
github.com/KarpelesLab/libwallet/wltobj/timeid.go:162.27,165.4 2 1
github.com/KarpelesLab/libwallet/wltobj/timeid.go:167.3,167.28 1 1
github.com/KarpelesLab/libwallet/wltobj/timeid.go:167.28,168.30 1 1
github.com/KarpelesLab/libwallet/wltobj/timeid.go:168.30,171.5 2 1
github.com/KarpelesLab/libwallet/wltobj/timeid.go:175.2,176.13 2 1
github.com/KarpelesLab/libwallet/wltobj/timeid.go:180.38,184.2 3 1
github.com/KarpelesLab/libwallet/wltobj/timeid.go:187.35,188.21 1 1
github.com/KarpelesLab/libwallet/wltobj/timeid.go:188.21,190.3 1 1
github.com/KarpelesLab/libwallet/wltobj/timeid.go:190.8,190.28 1 1
github.com/KarpelesLab/libwallet/wltobj/timeid.go:190.28,192.3 1 1
github.com/KarpelesLab/libwallet/wltobj/timeid.go:194.2,194.21 1 1
github.com/KarpelesLab/libwallet/wltobj/timeid.go:194.21,196.3 1 1
github.com/KarpelesLab/libwallet/wltobj/timeid.go:196.8,196.28 1 1
github.com/KarpelesLab/libwallet/wltobj/timeid.go:196.28,198.3 1 1
github.com/KarpelesLab/libwallet/wltobj/timeid.go:200.2,200.23 1 1
github.com/KarpelesLab/libwallet/wltobj/timeid.go:200.23,202.3 1 1
github.com/KarpelesLab/libwallet/wltobj/timeid.go:202.8,202.30 1 1
github.com/KarpelesLab/libwallet/wltobj/timeid.go:202.30,204.3 1 1
github.com/KarpelesLab/libwallet/wltobj/timeid.go:206.2,206.10 1 1
github.com/KarpelesLab/libwallet/wltutil/broadcast.go:10.40,15.2 3 0
github.com/KarpelesLab/libwallet/wltutil/string.go:9.58,10.20 1 1
github.com/KarpelesLab/libwallet/wltutil/string.go:10.20,12.3 1 1
github.com/KarpelesLab/libwallet/wltutil/string.go:19.2,22.35 3 1
github.com/KarpelesLab/libwallet/wltutil/string.go:22.35,24.3 1 1
github.com/KarpelesLab/libwallet/wltutil/string.go:27.2,28.32 2 1
github.com/KarpelesLab/libwallet/wltcrash/crash.go:17.13,24.2 1 1
github.com/KarpelesLab/libwallet/wltcrash/crash.go:37.62,40.14 2 1
github.com/KarpelesLab/libwallet/wltcrash/crash.go:40.14,42.3 1 1
github.com/KarpelesLab/libwallet/wltcrash/crash.go:44.2,45.16 2 1
github.com/KarpelesLab/libwallet/wltcrash/crash.go:45.16,47.3 1 1
github.com/KarpelesLab/libwallet/wltcrash/crash.go:49.2,62.11 5 0
github.com/KarpelesLab/libwallet/wltcrash/crash.go:65.32,67.2 0 0
github.com/KarpelesLab/libwallet/wltcrash/crash.go:69.81,71.14 2 0
github.com/KarpelesLab/libwallet/wltcrash/crash.go:71.14,73.3 1 0
github.com/KarpelesLab/libwallet/wltcrash/crash.go:75.2,76.16 2 0
github.com/KarpelesLab/libwallet/wltcrash/crash.go:76.16,78.3 1 0
github.com/KarpelesLab/libwallet/wltcrash/crash.go:80.2,80.19 1 0
github.com/KarpelesLab/libwallet/wltcrash/crash.go:83.56,85.2 1 0
github.com/KarpelesLab/libwallet/wltcrash/crash.go:87.61,89.14 2 0
github.com/KarpelesLab/libwallet/wltcrash/crash.go:89.14,91.3 1 0
github.com/KarpelesLab/libwallet/wltcrash/crash.go:93.2,94.12 2 0
github.com/KarpelesLab/libwallet/wltnet/api.go:17.13,27.2 3 1
github.com/KarpelesLab/libwallet/wltnet/api.go:29.66,30.24 1 0
github.com/KarpelesLab/libwallet/wltnet/api.go:30.24,32.3 1 0
github.com/KarpelesLab/libwallet/wltnet/api.go:33.2,33.41 1 0
github.com/KarpelesLab/libwallet/wltnet/api.go:33.41,35.3 1 0
github.com/KarpelesLab/libwallet/wltnet/api.go:36.2,36.45 1 0
github.com/KarpelesLab/libwallet/wltnet/api.go:39.54,41.2 1 0
github.com/KarpelesLab/libwallet/wltnet/api.go:43.90,46.16 2 0
github.com/KarpelesLab/libwallet/wltnet/api.go:46.16,48.3 1 0
github.com/KarpelesLab/libwallet/wltnet/api.go:49.2,51.16 3 0
github.com/KarpelesLab/libwallet/wltnet/api.go:51.16,53.3 1 0
github.com/KarpelesLab/libwallet/wltnet/api.go:54.2,54.21 1 0
github.com/KarpelesLab/libwallet/wltnet/api.go:57.94,60.16 2 0
github.com/KarpelesLab/libwallet/wltnet/api.go:60.16,62.3 1 0
github.com/KarpelesLab/libwallet/wltnet/api.go:63.2,65.16 3 0
github.com/KarpelesLab/libwallet/wltnet/api.go:65.16,67.3 1 0
github.com/KarpelesLab/libwallet/wltnet/api.go:68.2,68.21 1 0
github.com/KarpelesLab/libwallet/wltnet/api.go:71.93,73.16 2 0
github.com/KarpelesLab/libwallet/wltnet/api.go:73.16,75.3 1 0
github.com/KarpelesLab/libwallet/wltnet/api.go:76.2,78.16 3 0
github.com/KarpelesLab/libwallet/wltnet/api.go:78.16,80.3 1 0
github.com/KarpelesLab/libwallet/wltnet/api.go:81.2,81.21 1 0
github.com/KarpelesLab/libwallet/wltnet/api.go:84.54,86.16 2 0
github.com/KarpelesLab/libwallet/wltnet/api.go:86.16,88.3 1 0
github.com/KarpelesLab/libwallet/wltnet/api.go:90.2,91.16 2 0
github.com/KarpelesLab/libwallet/wltnet/api.go:91.16,93.3 1 0
github.com/KarpelesLab/libwallet/wltnet/api.go:94.2,94.28 1 0
github.com/KarpelesLab/libwallet/wltnet/api.go:97.83,99.14 2 0
github.com/KarpelesLab/libwallet/wltnet/api.go:99.14,101.3 1 0
github.com/KarpelesLab/libwallet/wltnet/api.go:103.2,103.18 1 0
github.com/KarpelesLab/libwallet/wltnet/api.go:103.18,106.3 1 0
github.com/KarpelesLab/libwallet/wltnet/api.go:107.2,108.18 2 0
github.com/KarpelesLab/libwallet/wltnet/api.go:108.18,110.17 2 0
github.com/KarpelesLab/libwallet/wltnet/api.go:110.17,112.4 1 0
github.com/KarpelesLab/libwallet/wltnet/api.go:113.3,113.28 1 0
github.com/KarpelesLab/libwallet/wltnet/api.go:116.2,117.17 2 0
github.com/KarpelesLab/libwallet/wltnet/api.go:120.59,122.14 2 0
github.com/KarpelesLab/libwallet/wltnet/api.go:122.14,124.3 1 0
github.com/KarpelesLab/libwallet/wltnet/api.go:126.2,127.12 2 0
github.com/KarpelesLab/libwallet/wltnet/api.go:130.59,132.14 2 0
github.com/KarpelesLab/libwallet/wltnet/api.go:132.14,134.3 1 0
github.com/KarpelesLab/libwallet/wltnet/api.go:136.2,138.58 2 0
github.com/KarpelesLab/libwallet/wltnet/api.go:138.58,141.3 2 0
github.com/KarpelesLab/libwallet/wltnet/api.go:142.2,142.57 1 0
github.com/KarpelesLab/libwallet/wltnet/api.go:142.57,145.3 2 0
github.com/KarpelesLab/libwallet/wltnet/api.go:146.2,146.68 1 0
github.com/KarpelesLab/libwallet/wltnet/api.go:146.68,149.3 2 0
github.com/KarpelesLab/libwallet/wltnet/api.go:150.2,150.59 1 0
github.com/KarpelesLab/libwallet/wltnet/api.go:150.59,153.3 2 0
github.com/KarpelesLab/libwallet/wltnet/api.go:154.2,154.59 1 0
github.com/KarpelesLab/libwallet/wltnet/api.go:154.59,157.3 2 0
github.com/KarpelesLab/libwallet/wltnet/api.go:159.2,159.14 1 0
github.com/KarpelesLab/libwallet/wltnet/api.go:159.14,161.3 1 0
github.com/KarpelesLab/libwallet/wltnet/api.go:162.2,163.18 2 0
github.com/KarpelesLab/libwallet/wltnet/api.go:172.47,180.28 2 0
github.com/KarpelesLab/libwallet/wltnet/api.go:180.28,182.3 1 0
github.com/KarpelesLab/libwallet/wltnet/api.go:184.2,190.28 2 0
github.com/KarpelesLab/libwallet/wltnet/api.go:190.28,192.3 1 0
github.com/KarpelesLab/libwallet/wltnet/api.go:194.2,196.12 2 0
github.com/KarpelesLab/libwallet/wltnet/api.go:199.58,201.14 2 0
github.com/KarpelesLab/libwallet/wltnet/api.go:201.14,203.3 1 0
github.com/KarpelesLab/libwallet/wltnet/api.go:205.2,205.69 1 0
github.com/KarpelesLab/libwallet/wltnet/api.go:208.61,210.14 2 0
github.com/KarpelesLab/libwallet/wltnet/api.go:210.14,212.3 1 0
github.com/KarpelesLab/libwallet/wltnet/api.go:214.2,215.15 2 0
github.com/KarpelesLab/libwallet/wltnet/api.go:215.15,217.3 1 0
github.com/KarpelesLab/libwallet/wltnet/api.go:219.2,220.16 2 0
github.com/KarpelesLab/libwallet/wltnet/api.go:223.72,225.14 2 0
github.com/KarpelesLab/libwallet/wltnet/api.go:225.14,227.3 1 0
github.com/KarpelesLab/libwallet/wltnet/api.go:230.2,233.16 3 0
github.com/KarpelesLab/libwallet/wltnet/api.go:233.16,235.3 1 0
github.com/KarpelesLab/libwallet/wltnet/api.go:237.2,237.21 1 0
github.com/KarpelesLab/libwallet/wltnet/api.go:240.83,242.13 2 0
github.com/KarpelesLab/libwallet/wltnet/api.go:242.13,244.3 1 0
github.com/KarpelesLab/libwallet/wltnet/api.go:247.2,249.16 3 0
github.com/KarpelesLab/libwallet/wltnet/api.go:249.16,251.3 1 0
github.com/KarpelesLab/libwallet/wltnet/api.go:253.2,260.17 3 0
github.com/KarpelesLab/libwallet/wltnet/api.go:260.17,262.3 1 0
github.com/KarpelesLab/libwallet/wltnet/api.go:263.2,266.17 4 0
github.com/KarpelesLab/libwallet/wltnet/init.go:5.29,8.2 1 0
github.com/KarpelesLab/libwallet/wltnet/network.go:66.54,67.41 1 1
github.com/KarpelesLab/libwallet/wltnet/network.go:67.41,69.3 1 1
github.com/KarpelesLab/libwallet/wltnet/network.go:70.2,71.44 2 1
github.com/KarpelesLab/libwallet/wltnet/network.go:71.44,73.3 1 1
github.com/KarpelesLab/libwallet/wltnet/network.go:74.2,74.26 1 1
github.com/KarpelesLab/libwallet/wltnet/network.go:74.26,76.3 1 1
github.com/KarpelesLab/libwallet/wltnet/network.go:77.2,77.55 1 1
github.com/KarpelesLab/libwallet/wltnet/network.go:77.55,79.3 1 1
github.com/KarpelesLab/libwallet/wltnet/network.go:82.2,82.12 1 1
github.com/KarpelesLab/libwallet/wltnet/network.go:85.58,87.25 2 1
github.com/KarpelesLab/libwallet/wltnet/network.go:87.25,89.3 1 1
github.com/KarpelesLab/libwallet/wltnet/network.go:91.2,101.24 2 1
github.com/KarpelesLab/libwallet/wltnet/network.go:101.24,103.3 1 1
github.com/KarpelesLab/libwallet/wltnet/network.go:104.2,104.34 1 1
github.com/KarpelesLab/libwallet/wltnet/network.go:104.34,106.3 1 1
github.com/KarpelesLab/libwallet/wltnet/network.go:107.2,107.12 1 1
github.com/KarpelesLab/libwallet/wltnet/network.go:110.33,112.16 1 1
github.com/KarpelesLab/libwallet/wltnet/network.go:113.13,113.13 0 0
github.com/KarpelesLab/libwallet/wltnet/network.go:115.17,116.20 1 1
github.com/KarpelesLab/libwallet/wltnet/network.go:117.18,118.20 1 1
github.com/KarpelesLab/libwallet/wltnet/network.go:118.20,120.5 1 1
github.com/KarpelesLab/libwallet/wltnet/network.go:121.4,121.30 1 1
github.com/KarpelesLab/libwallet/wltnet/network.go:121.30,123.5 1 1
github.com/KarpelesLab/libwallet/wltnet/network.go:124.23,125.20 1 1
github.com/KarpelesLab/libwallet/wltnet/network.go:125.20,127.5 1 1
github.com/KarpelesLab/libwallet/wltnet/network.go:128.4,128.30 1 1
github.com/KarpelesLab/libwallet/wltnet/network.go:128.30,130.5 1 1
github.com/KarpelesLab/libwallet/wltnet/network.go:131.19,132.20 1 1
github.com/KarpelesLab/libwallet/wltnet/network.go:132.20,134.5 1 1
github.com/KarpelesLab/libwallet/wltnet/network.go:135.4,135.30 1 1
github.com/KarpelesLab/libwallet/wltnet/network.go:135.30,137.5 1 1
github.com/KarpelesLab/libwallet/wltnet/network.go:138.19,139.20 1 1
github.com/KarpelesLab/libwallet/wltnet/network.go:139.20,141.5 1 1
github.com/KarpelesLab/libwallet/wltnet/network.go:142.4,142.30 1 1
github.com/KarpelesLab/libwallet/wltnet/network.go:142.30,144.5 1 1
github.com/KarpelesLab/libwallet/wltnet/network.go:145.19,146.20 1 1
github.com/KarpelesLab/libwallet/wltnet/network.go:146.20,148.5 1 1
github.com/KarpelesLab/libwallet/wltnet/network.go:149.4,149.30 1 1
github.com/KarpelesLab/libwallet/wltnet/network.go:149.30,151.5 1 1
github.com/KarpelesLab/libwallet/wltnet/network.go:152.19,153.20 1 1
github.com/KarpelesLab/libwallet/wltnet/network.go:153.20,155.5 1 1
github.com/KarpelesLab/libwallet/wltnet/network.go:156.4,156.30 1 1
github.com/KarpelesLab/libwallet/wltnet/network.go:156.30,158.5 1 1
github.com/KarpelesLab/libwallet/wltnet/network.go:159.23,160.20 1 1
github.com/KarpelesLab/libwallet/wltnet/network.go:160.20,162.5 1 1
github.com/KarpelesLab/libwallet/wltnet/network.go:163.4,163.30 1 1
github.com/KarpelesLab/libwallet/wltnet/network.go:163.30,165.5 1 1
github.com/KarpelesLab/libwallet/wltnet/network.go:166.11,167.70 1 1
github.com/KarpelesLab/libwallet/wltnet/network.go:169.16,170.20 1 1
github.com/KarpelesLab/libwallet/wltnet/network.go:171.18,172.20 1 1
github.com/KarpelesLab/libwallet/wltnet/network.go:172.20,174.5 1 1
github.com/KarpelesLab/libwallet/wltnet/network.go:175.4,175.30 1 1
github.com/KarpelesLab/libwallet/wltnet/network.go:175.30,177.5 1 1
github.com/KarpelesLab/libwallet/wltnet/network.go:178.17,179.20 1 1
github.com/KarpelesLab/libwallet/wltnet/network.go:179.20,181.5 1 1
github.com/KarpelesLab/libwallet/wltnet/network.go:182.4,182.30 1 1
github.com/KarpelesLab/libwallet/wltnet/network.go:182.30,184.5 1 1
github.com/KarpelesLab/libwallet/wltnet/network.go:185.4,185.20 1 1
github.com/KarpelesLab/libwallet/wltnet/network.go:186.11,187.70 1 1
github.com/KarpelesLab/libwallet/wltnet/network.go:189.3,189.30 1 1
github.com/KarpelesLab/libwallet/wltnet/network.go:189.30,191.4 1 1
github.com/KarpelesLab/libwallet/wltnet/network.go:192.3,192.18 1 1
github.com/KarpelesLab/libwallet/wltnet/network.go:192.18,194.4 1 1
github.com/KarpelesLab/libwallet/wltnet/network.go:195.3,195.28 1 1
github.com/KarpelesLab/libwallet/wltnet/network.go:195.28,197.4 1 1
github.com/KarpelesLab/libwallet/wltnet/network.go:198.3,198.13 1 1
github.com/KarpelesLab/libwallet/wltnet/network.go:199.10,200.55 1 1
github.com/KarpelesLab/libwallet/wltnet/network.go:202.2,203.16 2 1
github.com/KarpelesLab/libwallet/wltnet/network.go:203.16,206.3 1 1
github.com/KarpelesLab/libwallet/wltnet/network.go:207.2,207.56 1 0
github.com/KarpelesLab/libwallet/wltnet/network.go:207.56,209.3 1 0
github.com/KarpelesLab/libwallet/wltnet/network.go:210.2,210.18 1 0
github.com/KarpelesLab/libwallet/wltnet/network.go:210.18,212.3 1 0
github.com/KarpelesLab/libwallet/wltnet/network.go:213.2,213.17 1 0
github.com/KarpelesLab/libwallet/wltnet/network.go:213.17,215.3 1 0
github.com/KarpelesLab/libwallet/wltnet/network.go:216.2,216.28 1 0
github.com/KarpelesLab/libwallet/wltnet/network.go:216.28,218.3 1 0
github.com/KarpelesLab/libwallet/wltnet/network.go:219.2,219.27 1 0
github.com/KarpelesLab/libwallet/wltnet/network.go:219.27,221.3 1 0
github.com/KarpelesLab/libwallet/wltnet/network.go:222.2,222.12 1 0
github.com/KarpelesLab/libwallet/wltnet/network.go:225.45,226.17 1 0
github.com/KarpelesLab/libwallet/wltnet/network.go:226.17,229.3 1 0
github.com/KarpelesLab/libwallet/wltnet/network.go:230.2,231.24 2 0
github.com/KarpelesLab/libwallet/wltnet/network.go:231.24,233.3 1 0
github.com/KarpelesLab/libwallet/wltnet/network.go:234.2,235.27 2 0
github.com/KarpelesLab/libwallet/wltnet/network.go:238.65,240.2 1 1
github.com/KarpelesLab/libwallet/wltnet/network.go:242.32,247.2 3 1
github.com/KarpelesLab/libwallet/wltnet/network.go:249.47,253.8 4 1
github.com/KarpelesLab/libwallet/wltnet/network.go:253.8,255.3 1 1
github.com/KarpelesLab/libwallet/wltnet/network.go:256.2,256.12 1 1
github.com/KarpelesLab/libwallet/wltnet/network.go:259.51,263.2 2 0
github.com/KarpelesLab/libwallet/wltnet/network.go:265.49,279.16 2 1
github.com/KarpelesLab/libwallet/wltnet/network.go:280.13,282.27 2 1
github.com/KarpelesLab/libwallet/wltnet/network.go:283.10,284.27 1 1
github.com/KarpelesLab/libwallet/wltnet/network.go:288.35,290.2 1 1
github.com/KarpelesLab/libwallet/wltnet/network.go:292.61,293.21 1 1
github.com/KarpelesLab/libwallet/wltnet/network.go:293.21,295.3 1 1
github.com/KarpelesLab/libwallet/wltnet/network.go:296.2,297.16 2 1
github.com/KarpelesLab/libwallet/wltnet/network.go:297.16,299.3 1 1
github.com/KarpelesLab/libwallet/wltnet/network.go:300.2,301.17 2 1
github.com/KarpelesLab/libwallet/wltnet/network.go:301.17,303.3 1 0
github.com/KarpelesLab/libwallet/wltnet/network.go:304.2,304.18 1 1
github.com/KarpelesLab/libwallet/wltnet/network.go:307.50,308.16 1 1
github.com/KarpelesLab/libwallet/wltnet/network.go:309.13,311.17 2 1
github.com/KarpelesLab/libwallet/wltnet/network.go:311.17,313.4 1 0
github.com/KarpelesLab/libwallet/wltnet/network.go:314.3,314.41 1 1
github.com/KarpelesLab/libwallet/wltnet/network.go:315.17,316.20 1 1
github.com/KarpelesLab/libwallet/wltnet/network.go:317.18,318.21 1 1
github.com/KarpelesLab/libwallet/wltnet/network.go:319.23,320.21 1 1
github.com/KarpelesLab/libwallet/wltnet/network.go:321.19,322.21 1 1
github.com/KarpelesLab/libwallet/wltnet/network.go:323.19,324.22 1 1
github.com/KarpelesLab/libwallet/wltnet/network.go:325.11,326.73 1 1
github.com/KarpelesLab/libwallet/wltnet/network.go:328.16,329.20 1 1
github.com/KarpelesLab/libwallet/wltnet/network.go:330.10,331.69 1 1
github.com/KarpelesLab/libwallet/wltnet/network.go:335.56,336.24 1 1
github.com/KarpelesLab/libwallet/wltnet/network.go:336.24,337.51 1 1
github.com/KarpelesLab/libwallet/wltnet/network.go:337.51,339.4 1 1
github.com/KarpelesLab/libwallet/wltnet/network.go:340.3,340.66 1 1
github.com/KarpelesLab/libwallet/wltnet/network.go:342.2,342.50 1 1
github.com/KarpelesLab/libwallet/wltnet/network.go:342.50,344.3 1 1
github.com/KarpelesLab/libwallet/wltnet/network.go:345.2,346.16 2 1
github.com/KarpelesLab/libwallet/wltnet/network.go:346.16,348.3 1 0
github.com/KarpelesLab/libwallet/wltnet/network.go:349.2,349.36 1 1
github.com/KarpelesLab/libwallet/wltnet/network.go:352.52,353.24 1 0
github.com/KarpelesLab/libwallet/wltnet/network.go:353.24,354.24 1 0
github.com/KarpelesLab/libwallet/wltnet/network.go:354.24,356.4 1 0
github.com/KarpelesLab/libwallet/wltnet/network.go:357.3,357.37 1 0
github.com/KarpelesLab/libwallet/wltnet/network.go:357.37,360.4 2 0
github.com/KarpelesLab/libwallet/wltnet/network.go:361.3,362.25 2 0
github.com/KarpelesLab/libwallet/wltnet/network.go:364.2,364.25 1 0
github.com/KarpelesLab/libwallet/wltnet/network.go:364.25,365.24 1 0
github.com/KarpelesLab/libwallet/wltnet/network.go:365.24,367.4 1 0
github.com/KarpelesLab/libwallet/wltnet/network.go:368.3,369.25 2 0
github.com/KarpelesLab/libwallet/wltnet/network.go:371.2,371.36 1 0
github.com/KarpelesLab/libwallet/wltnet/network.go:371.36,373.3 1 0
github.com/KarpelesLab/libwallet/wltnet/network.go:374.2,374.23 1 0
github.com/KarpelesLab/libwallet/wltnet/network.go:374.23,376.3 1 0
github.com/KarpelesLab/libwallet/wltnet/network.go:379.2,380.16 2 0
github.com/KarpelesLab/libwallet/wltnet/network.go:380.16,382.3 1 0
github.com/KarpelesLab/libwallet/wltnet/network.go:384.2,389.22 4 0
github.com/KarpelesLab/libwallet/wltnet/network.go:390.9,392.25 2 0
github.com/KarpelesLab/libwallet/wltnet/network.go:393.11,395.25 2 0
github.com/KarpelesLab/libwallet/wltnet/network.go:398.2,398.29 1 0
github.com/KarpelesLab/libwallet/wltnet/network.go:398.29,400.32 2 0
github.com/KarpelesLab/libwallet/wltnet/network.go:400.32,401.12 1 0
github.com/KarpelesLab/libwallet/wltnet/network.go:403.3,403.31 1 0
github.com/KarpelesLab/libwallet/wltnet/network.go:406.2,407.16 2 0
github.com/KarpelesLab/libwallet/wltnet/network.go:407.16,409.3 1 0
github.com/KarpelesLab/libwallet/wltnet/network.go:411.2,412.18 2 0
github.com/KarpelesLab/libwallet/wltnet/network.go:415.78,417.16 2 0
github.com/KarpelesLab/libwallet/wltnet/network.go:417.16,419.3 1 0
github.com/KarpelesLab/libwallet/wltnet/network.go:421.2,421.55 1 0
github.com/KarpelesLab/libwallet/wltnet/network.go:428.79,429.16 1 0
github.com/KarpelesLab/libwallet/wltnet/network.go:430.13,434.17 2 0
github.com/KarpelesLab/libwallet/wltnet/network.go:434.17,436.4 1 0
github.com/KarpelesLab/libwallet/wltnet/network.go:437.3,438.17 2 0
github.com/KarpelesLab/libwallet/wltnet/network.go:438.17,440.4 1 0
github.com/KarpelesLab/libwallet/wltnet/network.go:443.3,444.10 2 0
github.com/KarpelesLab/libwallet/wltnet/network.go:444.10,446.4 1 0
github.com/KarpelesLab/libwallet/wltnet/network.go:447.3,448.20 2 0
github.com/KarpelesLab/libwallet/wltnet/network.go:448.20,450.4 1 0
github.com/KarpelesLab/libwallet/wltnet/network.go:451.3,451.47 1 0
github.com/KarpelesLab/libwallet/wltnet/network.go:452.16,454.17 2 0
github.com/KarpelesLab/libwallet/wltnet/network.go:454.17,456.4 1 0
github.com/KarpelesLab/libwallet/wltnet/network.go:457.3,460.60 2 0
github.com/KarpelesLab/libwallet/wltnet/network.go:460.60,462.4 1 0
github.com/KarpelesLab/libwallet/wltnet/network.go:463.3,463.78 1 0
github.com/KarpelesLab/libwallet/wltnet/network.go:464.10,465.56 1 0
github.com/KarpelesLab/libwallet/wltnet/network.go:469.93,470.16 1 0
github.com/KarpelesLab/libwallet/wltnet/network.go:471.13,473.17 2 0
github.com/KarpelesLab/libwallet/wltnet/network.go:473.17,475.4 1 0
github.com/KarpelesLab/libwallet/wltnet/network.go:476.3,477.17 2 0
github.com/KarpelesLab/libwallet/wltnet/network.go:477.17,479.4 1 0
github.com/KarpelesLab/libwallet/wltnet/network.go:481.3,491.17 3 0
github.com/KarpelesLab/libwallet/wltnet/network.go:491.17,493.4 1 0
github.com/KarpelesLab/libwallet/wltnet/network.go:495.3,495.20 1 0
github.com/KarpelesLab/libwallet/wltnet/network.go:496.27,498.17 2 0
github.com/KarpelesLab/libwallet/wltnet/network.go:498.17,500.4 1 0
github.com/KarpelesLab/libwallet/wltnet/network.go:502.3,515.20 4 0
github.com/KarpelesLab/libwallet/wltnet/network.go:516.10,517.56 1 0
github.com/KarpelesLab/libwallet/wltnet/network.go:521.84,522.16 1 0
github.com/KarpelesLab/libwallet/wltnet/network.go:523.13,524.23 1 0
github.com/KarpelesLab/libwallet/wltnet/network.go:524.23,526.4 1 0
github.com/KarpelesLab/libwallet/wltnet/network.go:527.3,528.17 2 0
github.com/KarpelesLab/libwallet/wltnet/network.go:528.17,530.4 1 0
github.com/KarpelesLab/libwallet/wltnet/network.go:531.3,531.19 1 0
github.com/KarpelesLab/libwallet/wltnet/network.go:532.16,533.28 1 0
github.com/KarpelesLab/libwallet/wltnet/network.go:534.10,535.56 1 0
github.com/KarpelesLab/libwallet/wltnet/nft.go:38.60,41.16 3 0
github.com/KarpelesLab/libwallet/wltnet/nft.go:41.16,44.3 2 0
github.com/KarpelesLab/libwallet/wltnet/nft.go:45.2,45.17 1 0
github.com/KarpelesLab/libwallet/wltnet/nft.go:48.60,52.30 4 0
github.com/KarpelesLab/libwallet/wltnet/nft.go:52.30,54.3 1 0
github.com/KarpelesLab/libwallet/wltnet/nft.go:56.2,58.30 3 0
github.com/KarpelesLab/libwallet/wltnet/nft.go:58.30,60.3 1 0
github.com/KarpelesLab/libwallet/wltnet/nft.go:62.2,64.30 3 0
github.com/KarpelesLab/libwallet/wltnet/nft.go:64.30,66.3 1 0
github.com/KarpelesLab/libwallet/wltnet/nft.go:67.2,68.17 2 0
github.com/KarpelesLab/libwallet/wltnet/nft.go:71.107,73.16 2 0
github.com/KarpelesLab/libwallet/wltnet/nft.go:73.16,76.3 2 0
github.com/KarpelesLab/libwallet/wltnet/nft.go:77.2,78.16 2 0
github.com/KarpelesLab/libwallet/wltnet/nft.go:78.16,81.3 2 0
github.com/KarpelesLab/libwallet/wltnet/nft.go:82.2,83.39 2 0
github.com/KarpelesLab/libwallet/wltnet/nft.go:83.39,85.3 1 0
github.com/KarpelesLab/libwallet/wltnet/nft.go:85.8,87.3 1 0
github.com/KarpelesLab/libwallet/wltnet/nft.go:88.2,88.16 1 0
github.com/KarpelesLab/libwallet/wltnet/nft.go:88.16,90.3 1 0
github.com/KarpelesLab/libwallet/wltnet/nft.go:92.2,95.16 3 0
github.com/KarpelesLab/libwallet/wltnet/nft.go:95.16,97.3 1 0
github.com/KarpelesLab/libwallet/wltnet/nft.go:99.2,103.17 4 0
github.com/KarpelesLab/libwallet/wltnet/nft.go:106.74,113.16 3 0
github.com/KarpelesLab/libwallet/wltnet/nft.go:113.16,116.3 2 0
github.com/KarpelesLab/libwallet/wltnet/nft.go:118.2,120.38 2 0
github.com/KarpelesLab/libwallet/wltnet/nft.go:120.38,122.3 1 0
github.com/KarpelesLab/libwallet/wltnet/nft.go:125.2,126.16 2 0
github.com/KarpelesLab/libwallet/wltnet/nft.go:126.16,128.3 1 0
github.com/KarpelesLab/libwallet/wltnet/nft.go:130.2,136.37 4 0
github.com/KarpelesLab/libwallet/wltnet/nft.go:139.87,140.16 1 0
github.com/KarpelesLab/libwallet/wltnet/nft.go:141.17,142.56 1 0
github.com/KarpelesLab/libwallet/wltnet/nft.go:143.16,144.34 1 0
github.com/KarpelesLab/libwallet/wltnet/nft.go:145.13,148.17 2 0
github.com/KarpelesLab/libwallet/wltnet/nft.go:148.17,151.4 2 0
github.com/KarpelesLab/libwallet/wltnet/nft.go:152.3,154.17 3 0
github.com/KarpelesLab/libwallet/wltnet/nft.go:154.17,157.4 2 0
github.com/KarpelesLab/libwallet/wltnet/nft.go:158.3,158.31 1 0
github.com/KarpelesLab/libwallet/wltnet/nft.go:158.31,160.4 1 0
github.com/KarpelesLab/libwallet/wltnet/nft.go:162.3,163.23 2 0
github.com/KarpelesLab/libwallet/wltnet/nft.go:163.23,165.4 1 0
github.com/KarpelesLab/libwallet/wltnet/nft.go:167.3,168.28 2 0
github.com/KarpelesLab/libwallet/wltnet/nft.go:168.28,170.40 2 0
github.com/KarpelesLab/libwallet/wltnet/nft.go:170.40,171.13 1 0
github.com/KarpelesLab/libwallet/wltnet/nft.go:173.4,173.65 1 0
github.com/KarpelesLab/libwallet/wltnet/nft.go:173.65,175.5 1 0
github.com/KarpelesLab/libwallet/wltnet/nft.go:176.4,176.15 1 0
github.com/KarpelesLab/libwallet/wltnet/nft.go:176.15,181.13 2 0
github.com/KarpelesLab/libwallet/wltnet/nft.go:183.4,185.22 3 0
github.com/KarpelesLab/libwallet/wltnet/nft.go:188.3,189.33 2 0
github.com/KarpelesLab/libwallet/wltnet/nft.go:189.33,190.29 1 0
github.com/KarpelesLab/libwallet/wltnet/nft.go:190.29,191.13 1 0
github.com/KarpelesLab/libwallet/wltnet/nft.go:194.4,195.18 2 0
github.com/KarpelesLab/libwallet/wltnet/nft.go:195.18,197.5 1 0
github.com/KarpelesLab/libwallet/wltnet/nft.go:199.4,199.38 1 0
github.com/KarpelesLab/libwallet/wltnet/nft.go:199.38,201.19 2 0
github.com/KarpelesLab/libwallet/wltnet/nft.go:201.19,202.14 1 0
github.com/KarpelesLab/libwallet/wltnet/nft.go:204.5,205.30 2 0
github.com/KarpelesLab/libwallet/wltnet/nft.go:209.3,209.20 1 0
github.com/KarpelesLab/libwallet/wltnet/nft.go:210.10,211.56 1 0
github.com/KarpelesLab/libwallet/wltnet/nft.go:216.68,220.14 3 0
github.com/KarpelesLab/libwallet/wltnet/nft.go:220.14,222.3 1 0
github.com/KarpelesLab/libwallet/wltnet/nft.go:225.2,229.25 3 0
github.com/KarpelesLab/libwallet/wltnet/nft.go:233.68,237.16 3 0
github.com/KarpelesLab/libwallet/wltnet/nft.go:237.16,239.3 1 0
github.com/KarpelesLab/libwallet/wltnet/nft.go:242.2,242.44 1 0
github.com/KarpelesLab/libwallet/wltnet/nft.go:242.44,244.3 1 0
github.com/KarpelesLab/libwallet/wltnet/nft.go:247.2,248.16 2 0
github.com/KarpelesLab/libwallet/wltnet/nft.go:248.16,250.3 1 0
github.com/KarpelesLab/libwallet/wltnet/nft.go:252.2,252.19 1 0
github.com/KarpelesLab/libwallet/wltnet/nft.go:256.90,265.35 5 0
github.com/KarpelesLab/libwallet/wltnet/nft.go:265.35,267.38 2 0
github.com/KarpelesLab/libwallet/wltnet/nft.go:267.38,269.4 1 0
github.com/KarpelesLab/libwallet/wltnet/nft.go:273.2,276.35 4 0
github.com/KarpelesLab/libwallet/wltnet/nft.go:276.35,278.38 2 0
github.com/KarpelesLab/libwallet/wltnet/nft.go:278.38,280.4 1 0
github.com/KarpelesLab/libwallet/wltnet/nft.go:284.2,286.35 3 0
github.com/KarpelesLab/libwallet/wltnet/nft.go:286.35,288.38 2 0
github.com/KarpelesLab/libwallet/wltnet/nft.go:288.38,290.4 1 0
github.com/KarpelesLab/libwallet/wltnet/nft.go:294.2,294.60 1 0
github.com/KarpelesLab/libwallet/wltnet/solana.go:62.103,68.16 2 0
github.com/KarpelesLab/libwallet/wltnet/solana.go:68.16,70.3 1 0
github.com/KarpelesLab/libwallet/wltnet/solana.go:72.2,73.56 2 0
github.com/KarpelesLab/libwallet/wltnet/solana.go:73.56,75.3 1 0
github.com/KarpelesLab/libwallet/wltnet/solana.go:77.2,78.34 2 0
github.com/KarpelesLab/libwallet/wltnet/solana.go:78.34,81.10 3 0
github.com/KarpelesLab/libwallet/wltnet/solana.go:81.10,82.12 1 0
github.com/KarpelesLab/libwallet/wltnet/solana.go:84.3,84.22 1 0
github.com/KarpelesLab/libwallet/wltnet/solana.go:84.22,85.12 1 0
github.com/KarpelesLab/libwallet/wltnet/solana.go:88.3,97.33 2 0
github.com/KarpelesLab/libwallet/wltnet/solana.go:100.2,100.20 1 0
github.com/KarpelesLab/libwallet/wltnet/solana.go:104.93,111.16 2 0
github.com/KarpelesLab/libwallet/wltnet/solana.go:111.16,113.3 1 0
github.com/KarpelesLab/libwallet/wltnet/solana.go:115.2,135.59 2 0
github.com/KarpelesLab/libwallet/wltnet/solana.go:135.59,137.3 1 0
github.com/KarpelesLab/libwallet/wltnet/solana.go:139.2,140.39 2 0
github.com/KarpelesLab/libwallet/wltnet/solana.go:140.39,142.35 2 0
github.com/KarpelesLab/libwallet/wltnet/solana.go:142.35,143.34 1 0
github.com/KarpelesLab/libwallet/wltnet/solana.go:143.34,145.10 2 0
github.com/KarpelesLab/libwallet/wltnet/solana.go:149.3,157.27 2 0
github.com/KarpelesLab/libwallet/wltnet/solana.go:160.2,160.19 1 0
github.com/KarpelesLab/libwallet/wltbase/asset.go:15.13,23.2 1 1
github.com/KarpelesLab/libwallet/wltbase/asset.go:25.81,27.2 1 0
github.com/KarpelesLab/libwallet/wltbase/asset.go:29.56,31.14 2 0
github.com/KarpelesLab/libwallet/wltbase/asset.go:31.14,33.3 1 0
github.com/KarpelesLab/libwallet/wltbase/asset.go:35.2,36.14 2 0
github.com/KarpelesLab/libwallet/wltbase/asset.go:36.14,40.17 3 0
github.com/KarpelesLab/libwallet/wltbase/asset.go:40.17,42.4 1 0
github.com/KarpelesLab/libwallet/wltbase/asset.go:44.2,45.17 2 0
github.com/KarpelesLab/libwallet/wltbase/asset.go:45.17,48.17 3 0
github.com/KarpelesLab/libwallet/wltbase/asset.go:48.17,50.4 1 0
github.com/KarpelesLab/libwallet/wltbase/asset.go:53.2,57.16 3 0
github.com/KarpelesLab/libwallet/wltbase/asset.go:57.16,59.3 1 0
github.com/KarpelesLab/libwallet/wltbase/asset.go:60.2,63.24 2 0
github.com/KarpelesLab/libwallet/wltbase/asset.go:63.24,65.17 2 0
github.com/KarpelesLab/libwallet/wltbase/asset.go:65.17,67.4 1 0
github.com/KarpelesLab/libwallet/wltbase/asset.go:70.2,70.76 1 0
github.com/KarpelesLab/libwallet/wltbase/asset.go:70.76,71.28 1 0
github.com/KarpelesLab/libwallet/wltbase/asset.go:71.28,73.4 1 0
github.com/KarpelesLab/libwallet/wltbase/asset.go:76.2,82.17 2 0
github.com/KarpelesLab/libwallet/wltbase/current.go:19.58,21.25 2 0
github.com/KarpelesLab/libwallet/wltbase/current.go:21.25,23.3 1 0
github.com/KarpelesLab/libwallet/wltbase/current.go:24.2,25.12 2 0
github.com/KarpelesLab/libwallet/wltbase/current.go:28.45,30.2 1 1
github.com/KarpelesLab/libwallet/wltbase/current.go:32.52,34.16 2 1
github.com/KarpelesLab/libwallet/wltbase/current.go:34.16,35.25 1 1
github.com/KarpelesLab/libwallet/wltbase/current.go:35.25,37.4 1 1
github.com/KarpelesLab/libwallet/wltbase/current.go:38.3,38.17 1 0
github.com/KarpelesLab/libwallet/wltbase/current.go:40.2,40.22 1 1
github.com/KarpelesLab/libwallet/wltbase/db.go:29.53,31.16 2 1
github.com/KarpelesLab/libwallet/wltbase/db.go:31.16,32.25 1 1
github.com/KarpelesLab/libwallet/wltbase/db.go:32.25,34.4 1 1
github.com/KarpelesLab/libwallet/wltbase/db.go:35.3,35.70 1 0
github.com/KarpelesLab/libwallet/wltbase/db.go:37.2,37.22 1 1
github.com/KarpelesLab/libwallet/wltbase/db.go:41.57,43.2 1 1
github.com/KarpelesLab/libwallet/wltbase/db.go:46.77,52.2 1 1
github.com/KarpelesLab/libwallet/wltbase/db.go:55.53,57.16 2 1
github.com/KarpelesLab/libwallet/wltbase/db.go:57.16,59.3 1 0
github.com/KarpelesLab/libwallet/wltbase/db.go:60.2,60.23 1 1
github.com/KarpelesLab/libwallet/wltbase/db.go:60.23,62.3 1 1
github.com/KarpelesLab/libwallet/wltbase/db.go:63.2,64.39 2 1
github.com/KarpelesLab/libwallet/wltbase/db.go:64.39,66.3 1 1
github.com/KarpelesLab/libwallet/wltbase/db.go:67.2,67.25 1 1
github.com/KarpelesLab/libwallet/wltbase/db.go:71.49,72.27 1 1
github.com/KarpelesLab/libwallet/wltbase/db.go:72.27,74.3 1 1
github.com/KarpelesLab/libwallet/wltbase/db.go:75.2,75.12 1 1
github.com/KarpelesLab/libwallet/wltbase/db.go:79.54,81.2 1 0
github.com/KarpelesLab/libwallet/wltbase/db.go:84.30,86.16 2 1
github.com/KarpelesLab/libwallet/wltbase/db.go:86.16,88.3 1 0
github.com/KarpelesLab/libwallet/wltbase/env.go:44.43,46.33 2 0
github.com/KarpelesLab/libwallet/wltbase/env.go:46.33,48.3 1 0
github.com/KarpelesLab/libwallet/wltbase/env.go:49.2,49.15 1 0
github.com/KarpelesLab/libwallet/wltbase/env.go:53.33,55.16 2 1
github.com/KarpelesLab/libwallet/wltbase/env.go:55.16,57.3 1 0
github.com/KarpelesLab/libwallet/wltbase/env.go:59.2,61.37 2 1
github.com/KarpelesLab/libwallet/wltbase/env.go:61.37,64.3 2 0
github.com/KarpelesLab/libwallet/wltbase/env.go:66.2,66.15 1 1
github.com/KarpelesLab/libwallet/wltbase/env.go:70.44,72.9 2 1
github.com/KarpelesLab/libwallet/wltbase/env.go:72.9,74.3 1 1
github.com/KarpelesLab/libwallet/wltbase/env.go:76.2,76.48 1 1
github.com/KarpelesLab/libwallet/wltbase/env.go:76.48,78.3 1 0
github.com/KarpelesLab/libwallet/wltbase/env.go:80.2,80.12 1 1
github.com/KarpelesLab/libwallet/wltbase/env.go:83.28,87.47 2 0
github.com/KarpelesLab/libwallet/wltbase/env.go:87.47,89.17 2 0
github.com/KarpelesLab/libwallet/wltbase/env.go:89.17,91.4 1 0
github.com/KarpelesLab/libwallet/wltbase/env.go:92.8,92.24 1 0
github.com/KarpelesLab/libwallet/wltbase/env.go:92.24,94.3 1 0
github.com/KarpelesLab/libwallet/wltbase/env.go:97.2,98.16 2 0
github.com/KarpelesLab/libwallet/wltbase/env.go:98.16,100.3 1 0
github.com/KarpelesLab/libwallet/wltbase/env.go:101.2,106.16 4 0
github.com/KarpelesLab/libwallet/wltbase/env.go:106.16,108.3 1 0
github.com/KarpelesLab/libwallet/wltbase/env.go:109.2,114.45 4 0
github.com/KarpelesLab/libwallet/wltbase/env.go:114.45,117.3 2 0
github.com/KarpelesLab/libwallet/wltbase/env.go:120.2,120.50 1 0
github.com/KarpelesLab/libwallet/wltbase/env.go:120.50,122.3 1 0
github.com/KarpelesLab/libwallet/wltbase/env.go:123.2,123.52 1 0
github.com/KarpelesLab/libwallet/wltbase/env.go:123.52,126.3 2 0
github.com/KarpelesLab/libwallet/wltbase/env.go:129.2,142.12 11 0
github.com/KarpelesLab/libwallet/wltbase/env.go:145.32,149.47 2 1
github.com/KarpelesLab/libwallet/wltbase/env.go:149.47,151.17 2 0
github.com/KarpelesLab/libwallet/wltbase/env.go:151.17,153.4 1 0
github.com/KarpelesLab/libwallet/wltbase/env.go:154.8,154.24 1 1
github.com/KarpelesLab/libwallet/wltbase/env.go:154.24,156.3 1 0
github.com/KarpelesLab/libwallet/wltbase/env.go:159.2,160.16 2 1
github.com/KarpelesLab/libwallet/wltbase/env.go:160.16,162.3 1 0
github.com/KarpelesLab/libwallet/wltbase/env.go:163.2,167.16 3 1
github.com/KarpelesLab/libwallet/wltbase/env.go:167.16,169.3 1 0
github.com/KarpelesLab/libwallet/wltbase/env.go:170.2,188.12 14 1
github.com/KarpelesLab/libwallet/wltbase/env.go:192.34,195.21 3 0
github.com/KarpelesLab/libwallet/wltbase/env.go:195.21,197.3 1 0
github.com/KarpelesLab/libwallet/wltbase/env.go:200.38,202.2 1 1
github.com/KarpelesLab/libwallet/wltbase/env.go:204.38,206.2 1 1
github.com/KarpelesLab/libwallet/wltbase/events.go:10.59,13.21 2 1
github.com/KarpelesLab/libwallet/wltbase/events.go:13.21,17.46 2 0
github.com/KarpelesLab/libwallet/wltbase/events.go:17.46,19.4 1 0
github.com/KarpelesLab/libwallet/wltbase/events.go:20.3,20.106 1 0
github.com/KarpelesLab/libwallet/wltbase/http.go:12.103,18.35 3 0
github.com/KarpelesLab/libwallet/wltbase/http.go:18.35,21.3 1 0
github.com/KarpelesLab/libwallet/wltbase/http.go:23.2,23.17 1 0
github.com/KarpelesLab/libwallet/wltbase/http.go:23.17,27.3 3 0
github.com/KarpelesLab/libwallet/wltbase/http.go:29.2,30.16 2 0
github.com/KarpelesLab/libwallet/wltbase/http.go:30.16,31.22 1 0
github.com/KarpelesLab/libwallet/wltbase/http.go:31.22,33.4 1 0
github.com/KarpelesLab/libwallet/wltbase/http.go:34.3,34.18 1 0
github.com/KarpelesLab/libwallet/wltbase/http.go:37.2,38.16 2 0
github.com/KarpelesLab/libwallet/wltbase/http.go:38.16,39.22 1 0
github.com/KarpelesLab/libwallet/wltbase/http.go:39.22,41.4 1 0
github.com/KarpelesLab/libwallet/wltbase/http.go:42.3,42.18 1 0
github.com/KarpelesLab/libwallet/wltbase/http.go:44.2,47.16 3 0
github.com/KarpelesLab/libwallet/wltbase/http.go:47.16,48.22 1 0
github.com/KarpelesLab/libwallet/wltbase/http.go:48.22,50.4 1 0
github.com/KarpelesLab/libwallet/wltbase/http.go:51.3,51.18 1 0
github.com/KarpelesLab/libwallet/wltbase/http.go:54.2,54.28 1 0
github.com/KarpelesLab/libwallet/wltbase/http.go:54.28,55.22 1 0
github.com/KarpelesLab/libwallet/wltbase/http.go:55.22,57.4 1 0
github.com/KarpelesLab/libwallet/wltbase/http.go:58.3,58.21 1 0
github.com/KarpelesLab/libwallet/wltbase/http.go:58.21,60.4 1 0
github.com/KarpelesLab/libwallet/wltbase/http.go:61.3,61.72 1 0
github.com/KarpelesLab/libwallet/wltbase/http.go:65.2,67.17 2 0
github.com/KarpelesLab/libwallet/wltbase/info.go:20.13,26.2 5 1
github.com/KarpelesLab/libwallet/wltbase/info.go:28.30,30.2 1 0
github.com/KarpelesLab/libwallet/wltbase/info.go:32.33,37.2 1 0
github.com/KarpelesLab/libwallet/wltbase/info.go:39.50,43.14 3 0
github.com/KarpelesLab/libwallet/wltbase/info.go:43.14,45.3 1 0
github.com/KarpelesLab/libwallet/wltbase/info.go:47.2,47.45 1 0
github.com/KarpelesLab/libwallet/wltbase/info.go:47.45,49.3 1 0
github.com/KarpelesLab/libwallet/wltbase/info.go:50.2,50.46 1 0
github.com/KarpelesLab/libwallet/wltbase/info.go:50.46,52.3 1 0
github.com/KarpelesLab/libwallet/wltbase/info.go:53.2,53.44 1 0
github.com/KarpelesLab/libwallet/wltbase/info.go:53.44,55.3 1 0
github.com/KarpelesLab/libwallet/wltbase/info.go:56.2,60.17 4 0
github.com/KarpelesLab/libwallet/wltbase/info.go:63.53,65.14 2 0
github.com/KarpelesLab/libwallet/wltbase/info.go:65.14,67.3 1 0
github.com/KarpelesLab/libwallet/wltbase/info.go:69.2,70.16 2 0
github.com/KarpelesLab/libwallet/wltbase/info.go:70.16,72.3 1 0
github.com/KarpelesLab/libwallet/wltbase/info.go:73.2,75.15 3 0
github.com/KarpelesLab/libwallet/wltbase/info.go:78.55,80.14 2 0
github.com/KarpelesLab/libwallet/wltbase/info.go:80.14,82.3 1 0
github.com/KarpelesLab/libwallet/wltbase/info.go:84.2,91.17 4 0
github.com/KarpelesLab/libwallet/wltbase/lifecycle.go:5.13,7.2 1 1
github.com/KarpelesLab/libwallet/wltbase/lifecycle.go:11.17,13.2 1 0
github.com/KarpelesLab/libwallet/wltbase/nft.go:16.13,23.2 1 1
github.com/KarpelesLab/libwallet/wltbase/nft.go:25.79,27.2 1 0
github.com/KarpelesLab/libwallet/wltbase/nft.go:29.54,31.14 2 0
github.com/KarpelesLab/libwallet/wltbase/nft.go:31.14,33.3 1 0
github.com/KarpelesLab/libwallet/wltbase/nft.go:35.2,36.14 2 0
github.com/KarpelesLab/libwallet/wltbase/nft.go:36.14,40.17 3 0
github.com/KarpelesLab/libwallet/wltbase/nft.go:40.17,42.4 1 0
github.com/KarpelesLab/libwallet/wltbase/nft.go:44.2,45.17 2 0
github.com/KarpelesLab/libwallet/wltbase/nft.go:45.17,48.17 3 0
github.com/KarpelesLab/libwallet/wltbase/nft.go:48.17,50.4 1 0
github.com/KarpelesLab/libwallet/wltbase/nft.go:53.2,54.16 2 0
github.com/KarpelesLab/libwallet/wltbase/nft.go:54.16,56.3 1 0
github.com/KarpelesLab/libwallet/wltbase/nft.go:58.2,64.17 2 0
github.com/KarpelesLab/libwallet/wltbase/request.go:25.13,36.2 4 1
github.com/KarpelesLab/libwallet/wltbase/request.go:57.38,58.17 1 0
github.com/KarpelesLab/libwallet/wltbase/request.go:58.17,61.3 1 0
github.com/KarpelesLab/libwallet/wltbase/request.go:62.2,63.24 2 0
github.com/KarpelesLab/libwallet/wltbase/request.go:63.24,65.3 1 0
github.com/KarpelesLab/libwallet/wltbase/request.go:66.2,67.34 2 0
github.com/KarpelesLab/libwallet/wltbase/request.go:70.52,75.34 4 0
github.com/KarpelesLab/libwallet/wltbase/request.go:75.34,77.3 1 0
github.com/KarpelesLab/libwallet/wltbase/request.go:78.2,79.11 2 0
github.com/KarpelesLab/libwallet/wltbase/request.go:82.52,85.34 3 0
github.com/KarpelesLab/libwallet/wltbase/request.go:85.34,88.3 2 0
github.com/KarpelesLab/libwallet/wltbase/request.go:89.2,89.12 1 0
github.com/KarpelesLab/libwallet/wltbase/request.go:92.37,95.16 3 0
github.com/KarpelesLab/libwallet/wltbase/request.go:95.16,97.3 1 0
github.com/KarpelesLab/libwallet/wltbase/request.go:99.2,104.9 4 0
github.com/KarpelesLab/libwallet/wltbase/request.go:104.9,108.3 3 0
github.com/KarpelesLab/libwallet/wltbase/request.go:110.2,111.16 2 0
github.com/KarpelesLab/libwallet/wltbase/request.go:111.16,113.3 1 0
github.com/KarpelesLab/libwallet/wltbase/request.go:114.2,115.12 2 0
github.com/KarpelesLab/libwallet/wltbase/request.go:118.54,121.16 3 0
github.com/KarpelesLab/libwallet/wltbase/request.go:121.16,123.3 1 0
github.com/KarpelesLab/libwallet/wltbase/request.go:125.2,126.15 2 0
github.com/KarpelesLab/libwallet/wltbase/request.go:126.15,129.10 3 0
github.com/KarpelesLab/libwallet/wltbase/request.go:130.19,131.14 1 0
github.com/KarpelesLab/libwallet/wltbase/request.go:132.15,133.57 1 0
github.com/KarpelesLab/libwallet/wltbase/request.go:136.2,136.12 1 0
github.com/KarpelesLab/libwallet/wltbase/request.go:139.55,141.14 2 0
github.com/KarpelesLab/libwallet/wltbase/request.go:141.14,143.3 1 0
github.com/KarpelesLab/libwallet/wltbase/request.go:145.2,151.16 3 0
github.com/KarpelesLab/libwallet/wltbase/request.go:151.16,153.3 1 0
github.com/KarpelesLab/libwallet/wltbase/request.go:155.2,155.17 1 0
github.com/KarpelesLab/libwallet/wltbase/request.go:158.83,160.14 2 0
github.com/KarpelesLab/libwallet/wltbase/request.go:160.14,162.3 1 0
github.com/KarpelesLab/libwallet/wltbase/request.go:164.2,165.16 2 0
github.com/KarpelesLab/libwallet/wltbase/request.go:165.16,167.3 1 0
github.com/KarpelesLab/libwallet/wltbase/request.go:169.2,169.37 1 0
github.com/KarpelesLab/libwallet/wltbase/request.go:172.58,174.14 2 0
github.com/KarpelesLab/libwallet/wltbase/request.go:174.14,176.3 1 0
github.com/KarpelesLab/libwallet/wltbase/request.go:178.2,179.16 2 0
github.com/KarpelesLab/libwallet/wltbase/request.go:179.16,181.3 1 0
github.com/KarpelesLab/libwallet/wltbase/request.go:182.2,182.17 1 0
github.com/KarpelesLab/libwallet/wltbase/request.go:188.17,190.14 2 0
github.com/KarpelesLab/libwallet/wltbase/request.go:190.14,192.3 1 0
github.com/KarpelesLab/libwallet/wltbase/request.go:194.2,195.16 2 0
github.com/KarpelesLab/libwallet/wltbase/request.go:195.16,197.3 1 0
github.com/KarpelesLab/libwallet/wltbase/request.go:199.2,199.18 1 0
github.com/KarpelesLab/libwallet/wltbase/request.go:200.17,201.28 1 0
github.com/KarpelesLab/libwallet/wltbase/request.go:201.28,203.4 1 0
github.com/KarpelesLab/libwallet/wltbase/request.go:205.3,206.38 2 0
github.com/KarpelesLab/libwallet/wltbase/request.go:206.38,208.18 2 0
github.com/KarpelesLab/libwallet/wltbase/request.go:208.18,210.5 1 0
github.com/KarpelesLab/libwallet/wltbase/request.go:211.4,211.28 1 0
github.com/KarpelesLab/libwallet/wltbase/request.go:213.3,214.31 2 0
github.com/KarpelesLab/libwallet/wltbase/request.go:214.31,216.27 2 0
github.com/KarpelesLab/libwallet/wltbase/request.go:216.27,218.5 1 0
github.com/KarpelesLab/libwallet/wltbase/request.go:220.3,220.30 1 0
github.com/KarpelesLab/libwallet/wltbase/request.go:220.30,228.18 3 0
github.com/KarpelesLab/libwallet/wltbase/request.go:228.18,230.5 1 0
github.com/KarpelesLab/libwallet/wltbase/request.go:231.4,231.39 1 0
github.com/KarpelesLab/libwallet/wltbase/request.go:233.3,233.21 1 0
github.com/KarpelesLab/libwallet/wltbase/request.go:233.21,236.32 2 0
github.com/KarpelesLab/libwallet/wltbase/request.go:236.32,238.5 1 0
github.com/KarpelesLab/libwallet/wltbase/request.go:239.4,239.83 1 0
github.com/KarpelesLab/libwallet/wltbase/request.go:241.14,242.24 1 0
github.com/KarpelesLab/libwallet/wltbase/request.go:242.24,244.4 1 0
github.com/KarpelesLab/libwallet/wltbase/request.go:245.3,246.17 2 0
github.com/KarpelesLab/libwallet/wltbase/request.go:246.17,248.4 1 0
github.com/KarpelesLab/libwallet/wltbase/request.go:249.23,250.24 1 0
github.com/KarpelesLab/libwallet/wltbase/request.go:250.24,252.4 1 0
github.com/KarpelesLab/libwallet/wltbase/request.go:253.3,255.17 3 0
github.com/KarpelesLab/libwallet/wltbase/request.go:255.17,257.4 1 0
github.com/KarpelesLab/libwallet/wltbase/request.go:258.3,262.17 5 0
github.com/KarpelesLab/libwallet/wltbase/request.go:262.17,264.4 1 0
github.com/KarpelesLab/libwallet/wltbase/request.go:266.3,272.17 3 0
github.com/KarpelesLab/libwallet/wltbase/request.go:272.17,274.4 1 0
github.com/KarpelesLab/libwallet/wltbase/request.go:275.3,276.20 2 0
github.com/KarpelesLab/libwallet/wltbase/request.go:279.2,279.40 1 0
github.com/KarpelesLab/libwallet/wltbase/request.go:282.59,284.14 2 0
github.com/KarpelesLab/libwallet/wltbase/request.go:284.14,286.3 1 0
github.com/KarpelesLab/libwallet/wltbase/request.go:288.2,289.16 2 0
github.com/KarpelesLab/libwallet/wltbase/request.go:289.16,291.3 1 0
github.com/KarpelesLab/libwallet/wltbase/request.go:293.2,293.40 1 0
github.com/KarpelesLab/libwallet/wltbase/web3.go:21.13,24.2 1 1
github.com/KarpelesLab/libwallet/wltbase/web3.go:45.17,47.14 2 0
github.com/KarpelesLab/libwallet/wltbase/web3.go:47.14,49.3 1 0
github.com/KarpelesLab/libwallet/wltbase/web3.go:52.2,53.16 2 0
github.com/KarpelesLab/libwallet/wltbase/web3.go:53.16,55.3 1 0
github.com/KarpelesLab/libwallet/wltbase/web3.go:56.2,56.18 1 0
github.com/KarpelesLab/libwallet/wltbase/web3.go:56.18,58.3 1 0
github.com/KarpelesLab/libwallet/wltbase/web3.go:60.2,66.16 4 0
github.com/KarpelesLab/libwallet/wltbase/web3.go:66.16,68.3 1 0
github.com/KarpelesLab/libwallet/wltbase/web3.go:72.2,72.25 1 0
github.com/KarpelesLab/libwallet/wltbase/web3.go:73.28,74.52 1 0
github.com/KarpelesLab/libwallet/wltbase/web3.go:75.19,76.32 1 0
github.com/KarpelesLab/libwallet/wltbase/web3.go:76.32,78.4 1 0
github.com/KarpelesLab/libwallet/wltbase/web3.go:79.3,80.15 2 0
github.com/KarpelesLab/libwallet/wltbase/web3.go:80.15,82.4 1 0
github.com/KarpelesLab/libwallet/wltbase/web3.go:83.3,86.45 4 0
github.com/KarpelesLab/libwallet/wltbase/web3.go:87.29,93.17 3 0
github.com/KarpelesLab/libwallet/wltbase/web3.go:93.17,95.4 1 0
github.com/KarpelesLab/libwallet/wltbase/web3.go:97.3,99.21 2 0
github.com/KarpelesLab/libwallet/wltbase/web3.go:99.21,101.4 1 0
github.com/KarpelesLab/libwallet/wltbase/web3.go:102.3,102.14 1 0
github.com/KarpelesLab/libwallet/wltbase/web3.go:103.22,105.26 2 0
github.com/KarpelesLab/libwallet/wltbase/web3.go:105.26,107.18 2 0
github.com/KarpelesLab/libwallet/wltbase/web3.go:107.18,109.5 1 0
github.com/KarpelesLab/libwallet/wltbase/web3.go:111.3,111.18 1 0
github.com/KarpelesLab/libwallet/wltbase/web3.go:112.35,114.32 1 0
github.com/KarpelesLab/libwallet/wltbase/web3.go:114.32,116.4 1 0
github.com/KarpelesLab/libwallet/wltbase/web3.go:118.3,119.10 2 0
github.com/KarpelesLab/libwallet/wltbase/web3.go:119.10,121.4 1 0
github.com/KarpelesLab/libwallet/wltbase/web3.go:122.3,123.26 2 0
github.com/KarpelesLab/libwallet/wltbase/web3.go:123.26,124.13 1 0
github.com/KarpelesLab/libwallet/wltbase/web3.go:125.24,126.29 1 0
github.com/KarpelesLab/libwallet/wltbase/web3.go:127.12,128.59 1 0
github.com/KarpelesLab/libwallet/wltbase/web3.go:131.3,131.21 1 0
github.com/KarpelesLab/libwallet/wltbase/web3.go:131.21,138.18 3 0
github.com/KarpelesLab/libwallet/wltbase/web3.go:138.18,140.5 1 0
github.com/KarpelesLab/libwallet/wltbase/web3.go:142.4,144.22 2 0
github.com/KarpelesLab/libwallet/wltbase/web3.go:144.22,146.5 1 0
github.com/KarpelesLab/libwallet/wltbase/web3.go:148.3,148.14 1 0
github.com/KarpelesLab/libwallet/wltbase/web3.go:149.31,151.26 2 0
github.com/KarpelesLab/libwallet/wltbase/web3.go:151.26,153.18 2 0
github.com/KarpelesLab/libwallet/wltbase/web3.go:153.18,165.5 2 0
github.com/KarpelesLab/libwallet/wltbase/web3.go:167.3,167.18 1 0
github.com/KarpelesLab/libwallet/wltbase/web3.go:168.23,169.31 1 0
github.com/KarpelesLab/libwallet/wltbase/web3.go:169.31,171.4 1 0
github.com/KarpelesLab/libwallet/wltbase/web3.go:173.3,173.21 1 0
github.com/KarpelesLab/libwallet/wltbase/web3.go:173.21,175.4 1 0
github.com/KarpelesLab/libwallet/wltbase/web3.go:176.3,177.32 2 0
github.com/KarpelesLab/libwallet/wltbase/web3.go:177.32,179.11 2 0
github.com/KarpelesLab/libwallet/wltbase/web3.go:179.11,181.5 1 0
github.com/KarpelesLab/libwallet/wltbase/web3.go:182.4,185.27 3 0
github.com/KarpelesLab/libwallet/wltbase/web3.go:185.27,187.19 2 0
github.com/KarpelesLab/libwallet/wltbase/web3.go:187.19,188.48 1 0
github.com/KarpelesLab/libwallet/wltbase/web3.go:188.48,190.12 2 0
github.com/KarpelesLab/libwallet/wltbase/web3.go:194.4,194.19 1 0
github.com/KarpelesLab/libwallet/wltbase/web3.go:194.19,196.5 1 0
github.com/KarpelesLab/libwallet/wltbase/web3.go:198.3,199.10 2 0
github.com/KarpelesLab/libwallet/wltbase/web3.go:199.10,201.4 1 0
github.com/KarpelesLab/libwallet/wltbase/web3.go:202.3,202.36 1 0
github.com/KarpelesLab/libwallet/wltbase/web3.go:202.36,204.4 1 0
github.com/KarpelesLab/libwallet/wltbase/web3.go:205.3,206.17 2 0
github.com/KarpelesLab/libwallet/wltbase/web3.go:206.17,208.4 1 0
github.com/KarpelesLab/libwallet/wltbase/web3.go:209.3,210.17 2 0
github.com/KarpelesLab/libwallet/wltbase/web3.go:210.17,212.4 1 0
github.com/KarpelesLab/libwallet/wltbase/web3.go:214.3,221.17 3 0
github.com/KarpelesLab/libwallet/wltbase/web3.go:221.17,223.4 1 0
github.com/KarpelesLab/libwallet/wltbase/web3.go:225.3,225.25 1 0
github.com/KarpelesLab/libwallet/wltbase/web3.go:226.29,227.31 1 0
github.com/KarpelesLab/libwallet/wltbase/web3.go:227.31,229.4 1 0
github.com/KarpelesLab/libwallet/wltbase/web3.go:230.3,231.17 2 0
github.com/KarpelesLab/libwallet/wltbase/web3.go:231.17,233.4 1 0
github.com/KarpelesLab/libwallet/wltbase/web3.go:234.3,236.17 3 0
github.com/KarpelesLab/libwallet/wltbase/web3.go:236.17,238.4 1 0
github.com/KarpelesLab/libwallet/wltbase/web3.go:239.3,245.17 3 0
github.com/KarpelesLab/libwallet/wltbase/web3.go:245.17,247.4 1 0
github.com/KarpelesLab/libwallet/wltbase/web3.go:249.3,249.35 1 0
github.com/KarpelesLab/libwallet/wltbase/web3.go:250.33,251.31 1 0
github.com/KarpelesLab/libwallet/wltbase/web3.go:251.31,253.4 1 0
github.com/KarpelesLab/libwallet/wltbase/web3.go:254.3,255.17 2 0
github.com/KarpelesLab/libwallet/wltbase/web3.go:255.17,257.4 1 0
github.com/KarpelesLab/libwallet/wltbase/web3.go:258.3,259.17 2 0
github.com/KarpelesLab/libwallet/wltbase/web3.go:259.17,261.4 1 0
github.com/KarpelesLab/libwallet/wltbase/web3.go:262.3,264.17 3 0
github.com/KarpelesLab/libwallet/wltbase/web3.go:264.17,267.4 1 0
github.com/KarpelesLab/libwallet/wltbase/web3.go:269.3,275.17 3 0
github.com/KarpelesLab/libwallet/wltbase/web3.go:275.17,277.4 1 0
github.com/KarpelesLab/libwallet/wltbase/web3.go:279.3,280.17 2 0
github.com/KarpelesLab/libwallet/wltbase/web3.go:280.17,282.4 1 0
github.com/KarpelesLab/libwallet/wltbase/web3.go:283.3,283.18 1 0
github.com/KarpelesLab/libwallet/wltbase/web3.go:284.36,285.31 1 0
github.com/KarpelesLab/libwallet/wltbase/web3.go:285.31,287.4 1 0
github.com/KarpelesLab/libwallet/wltbase/web3.go:288.3,289.17 2 0
github.com/KarpelesLab/libwallet/wltbase/web3.go:289.17,291.4 1 0
github.com/KarpelesLab/libwallet/wltbase/web3.go:293.3,294.10 2 0
github.com/KarpelesLab/libwallet/wltbase/web3.go:294.10,296.4 1 0
github.com/KarpelesLab/libwallet/wltbase/web3.go:297.3,299.17 3 0
github.com/KarpelesLab/libwallet/wltbase/web3.go:299.17,302.4 1 0
github.com/KarpelesLab/libwallet/wltbase/web3.go:304.3,310.17 3 0
github.com/KarpelesLab/libwallet/wltbase/web3.go:310.17,312.4 1 0
github.com/KarpelesLab/libwallet/wltbase/web3.go:314.3,315.17 2 0
github.com/KarpelesLab/libwallet/wltbase/web3.go:315.17,317.4 1 0
github.com/KarpelesLab/libwallet/wltbase/web3.go:318.3,318.18 1 0
github.com/KarpelesLab/libwallet/wltbase/web3.go:319.35,320.20 1 0
github.com/KarpelesLab/libwallet/wltbase/web3.go:321.10,323.54 1 0
github.com/KarpelesLab/libwallet/wltbase/web3.go:327.34,328.24 1 0
github.com/KarpelesLab/libwallet/wltbase/web3.go:329.14,334.10 4 0
github.com/KarpelesLab/libwallet/wltbase/web3.go:334.10,336.4 1 0
github.com/KarpelesLab/libwallet/wltbase/web3.go:337.3,338.17 2 0
github.com/KarpelesLab/libwallet/wltbase/web3.go:338.17,340.4 1 0
github.com/KarpelesLab/libwallet/wltbase/web3.go:341.3,341.11 1 0
github.com/KarpelesLab/libwallet/wltbase/web3.go:342.10,343.13 1 0
github.com/KarpelesLab/libwallet/wltbase/web3cnx.go:15.13,23.2 1 1
github.com/KarpelesLab/libwallet/wltbase/web3cnx.go:35.71,37.16 2 0
github.com/KarpelesLab/libwallet/wltbase/web3cnx.go:37.16,39.3 1 0
github.com/KarpelesLab/libwallet/wltbase/web3cnx.go:40.2,40.20 1 0
github.com/KarpelesLab/libwallet/wltbase/web3cnx.go:40.20,43.3 1 0
github.com/KarpelesLab/libwallet/wltbase/web3cnx.go:46.2,47.16 2 0
github.com/KarpelesLab/libwallet/wltbase/web3cnx.go:47.16,49.3 1 0
github.com/KarpelesLab/libwallet/wltbase/web3cnx.go:50.2,50.25 1 0
github.com/KarpelesLab/libwallet/wltbase/web3cnx.go:50.25,51.31 1 0
github.com/KarpelesLab/libwallet/wltbase/web3cnx.go:51.31,53.14 1 0
github.com/KarpelesLab/libwallet/wltbase/web3cnx.go:53.14,56.5 1 0
github.com/KarpelesLab/libwallet/wltbase/web3cnx.go:59.2,59.18 1 0
github.com/KarpelesLab/libwallet/wltbase/web3cnx.go:62.44,63.17 1 0
github.com/KarpelesLab/libwallet/wltbase/web3cnx.go:63.17,65.3 1 0
github.com/KarpelesLab/libwallet/wltbase/web3cnx.go:66.2,67.24 2 0
github.com/KarpelesLab/libwallet/wltbase/web3cnx.go:67.24,69.3 1 0
github.com/KarpelesLab/libwallet/wltbase/web3cnx.go:70.2,71.34 2 0
github.com/KarpelesLab/libwallet/wltbase/web3cnx.go:74.90,76.14 2 0
github.com/KarpelesLab/libwallet/wltbase/web3cnx.go:76.14,78.3 1 0
github.com/KarpelesLab/libwallet/wltbase/web3cnx.go:80.2,81.16 2 0
github.com/KarpelesLab/libwallet/wltbase/web3cnx.go:81.16,83.3 1 0
github.com/KarpelesLab/libwallet/wltbase/web3cnx.go:85.2,86.16 2 0
github.com/KarpelesLab/libwallet/wltbase/web3cnx.go:86.16,88.3 1 0
github.com/KarpelesLab/libwallet/wltbase/web3cnx.go:90.2,92.19 3 0
github.com/KarpelesLab/libwallet/wltbase/web3cnx.go:92.19,94.3 1 0
github.com/KarpelesLab/libwallet/wltbase/web3cnx.go:96.2,96.15 1 0
github.com/KarpelesLab/libwallet/wltbase/web3cnx.go:99.65,101.14 2 0
github.com/KarpelesLab/libwallet/wltbase/web3cnx.go:101.14,103.3 1 0
github.com/KarpelesLab/libwallet/wltbase/web3cnx.go:105.2,106.61 2 0
github.com/KarpelesLab/libwallet/wltbase/web3cnx.go:106.61,108.3 1 0
github.com/KarpelesLab/libwallet/wltbase/web3cnx.go:110.2,111.20 2 0
github.com/KarpelesLab/libwallet/wltbase/web3cnx.go:111.20,113.3 1 0
github.com/KarpelesLab/libwallet/wltbase/web3cnx.go:115.2,116.16 2 0
github.com/KarpelesLab/libwallet/wltbase/web3cnx.go:116.16,118.3 1 0
github.com/KarpelesLab/libwallet/wltbase/web3cnx.go:120.2,120.24 1 0
github.com/KarpelesLab/libwallet/wltbase/web3cnx.go:120.24,123.17 3 0
github.com/KarpelesLab/libwallet/wltbase/web3cnx.go:123.17,125.4 1 0
github.com/KarpelesLab/libwallet/wltbase/web3cnx.go:127.2,127.17 1 0
github.com/KarpelesLab/libwallet/wltbase/web3cnx.go:130.65,132.14 2 0
github.com/KarpelesLab/libwallet/wltbase/web3cnx.go:132.14,134.3 1 0
github.com/KarpelesLab/libwallet/wltbase/web3cnx.go:136.2,137.12 2 0
github.com/KarpelesLab/libwallet/wltbase/web3cnx.go:140.86,142.14 2 0
github.com/KarpelesLab/libwallet/wltbase/web3cnx.go:142.14,144.3 1 0
github.com/KarpelesLab/libwallet/wltbase/web3cnx.go:146.2,146.19 1 0
github.com/KarpelesLab/libwallet/wltbase/web3cnx.go:146.19,148.3 1 0
github.com/KarpelesLab/libwallet/wltbase/web3cnx.go:150.2,151.16 2 0
github.com/KarpelesLab/libwallet/wltbase/web3cnx.go:151.16,153.3 1 0
github.com/KarpelesLab/libwallet/wltbase/web3cnx.go:154.2,156.23 2 0
github.com/KarpelesLab/libwallet/wltintf/env.go:34.38,37.14 3 0
github.com/KarpelesLab/libwallet/wltintf/env.go:37.14,39.3 1 0
github.com/KarpelesLab/libwallet/wltintf/env.go:40.2,41.8 2 0
github.com/KarpelesLab/libwallet/wltintf/env.go:41.8,43.3 1 0
github.com/KarpelesLab/libwallet/wltintf/env.go:44.2,44.12 1 0
github.com/KarpelesLab/libwallet/wltintf/env.go:47.53,49.2 1 0
github.com/KarpelesLab/libwallet/wltintf/env.go:51.92,53.14 2 0
github.com/KarpelesLab/libwallet/wltintf/env.go:53.14,55.3 1 0
github.com/KarpelesLab/libwallet/wltintf/env.go:56.2,57.16 2 0
[...]
github.com/KarpelesLab/libwallet/wltwallet/storekey.go:97.17,99.16 2 0
github.com/KarpelesLab/libwallet/wltwallet/storekey.go:99.16,101.3 1 0
github.com/KarpelesLab/libwallet/wltwallet/storekey.go:102.2,102.25 1 0
github.com/KarpelesLab/libwallet/wltwallet/storekey.go:102.25,104.3 1 0
github.com/KarpelesLab/libwallet/wltwallet/storekey.go:106.2,107.16 2 0
github.com/KarpelesLab/libwallet/wltwallet/storekey.go:107.16,109.3 1 0
github.com/KarpelesLab/libwallet/wltwallet/storekey.go:110.2,113.16 3 0
github.com/KarpelesLab/libwallet/wltwallet/storekey.go:113.16,115.3 1 0
github.com/KarpelesLab/libwallet/wltwallet/storekey.go:117.2,117.85 1 0
github.com/KarpelesLab/libwallet/wltwallet/testing.go:13.56,33.16 4 0
github.com/KarpelesLab/libwallet/wltwallet/testing.go:33.16,35.3 1 0
github.com/KarpelesLab/libwallet/wltwallet/testing.go:37.2,37.20 1 0
github.com/KarpelesLab/libwallet/wltwallet/tss.go:20.13,22.2 1 1
github.com/KarpelesLab/libwallet/wltwallet/tss.go:24.53,28.2 3 0
github.com/KarpelesLab/libwallet/wltwallet/tss.go:30.100,31.15 1 1
github.com/KarpelesLab/libwallet/wltwallet/tss.go:31.15,33.3 1 1
github.com/KarpelesLab/libwallet/wltwallet/tss.go:34.2,34.25 1 1
github.com/KarpelesLab/libwallet/wltwallet/tss.go:34.25,37.17 3 1
github.com/KarpelesLab/libwallet/wltwallet/tss.go:37.17,39.12 2 0
github.com/KarpelesLab/libwallet/wltwallet/tss.go:41.3,41.24 1 1
github.com/KarpelesLab/libwallet/wltwallet/tss.go:41.24,43.30 1 1
github.com/KarpelesLab/libwallet/wltwallet/tss.go:43.30,44.35 1 1
github.com/KarpelesLab/libwallet/wltwallet/tss.go:44.35,47.6 1 1
github.com/KarpelesLab/libwallet/wltwallet/tss.go:49.9,50.34 1 1
github.com/KarpelesLab/libwallet/wltwallet/tss.go:50.34,52.12 2 1
github.com/KarpelesLab/libwallet/wltwallet/tss.go:52.12,54.14 2 0
github.com/KarpelesLab/libwallet/wltwallet/tss.go:56.5,56.35 1 1
github.com/KarpelesLab/libwallet/wltwallet/tss.go:56.35,58.20 2 1
github.com/KarpelesLab/libwallet/wltwallet/tss.go:58.20,60.7 1 0
github.com/KarpelesLab/libwallet/wltwallet/tss.go:60.12,60.20 1 1
github.com/KarpelesLab/libwallet/wltwallet/tss.go:60.20,62.7 1 0
github.com/KarpelesLab/libwallet/wltwallet/wallet.go:49.44,50.22 1 0
github.com/KarpelesLab/libwallet/wltwallet/wallet.go:50.22,52.3 1 0
github.com/KarpelesLab/libwallet/wltwallet/wallet.go:53.2,55.28 2 0
github.com/KarpelesLab/libwallet/wltwallet/wallet.go:55.28,56.20 1 0
github.com/KarpelesLab/libwallet/wltwallet/wallet.go:56.20,58.4 1 0
github.com/KarpelesLab/libwallet/wltwallet/wallet.go:62.2,64.28 2 0
github.com/KarpelesLab/libwallet/wltwallet/wallet.go:64.28,65.36 1 0
github.com/KarpelesLab/libwallet/wltwallet/wallet.go:65.36,67.4 1 0
github.com/KarpelesLab/libwallet/wltwallet/wallet.go:69.2,69.43 1 0
github.com/KarpelesLab/libwallet/wltwallet/wallet.go:69.43,71.3 1 0
github.com/KarpelesLab/libwallet/wltwallet/wallet.go:72.2,72.12 1 0
github.com/KarpelesLab/libwallet/wltwallet/wallet.go:78.58,80.14 2 0
github.com/KarpelesLab/libwallet/wltwallet/wallet.go:80.14,82.3 1 0
github.com/KarpelesLab/libwallet/wltwallet/wallet.go:84.2,86.58 2 0
github.com/KarpelesLab/libwallet/wltwallet/wallet.go:86.58,89.3 2 0
github.com/KarpelesLab/libwallet/wltwallet/wallet.go:90.2,90.14 1 0
github.com/KarpelesLab/libwallet/wltwallet/wallet.go:90.14,92.3 1 0
github.com/KarpelesLab/libwallet/wltwallet/wallet.go:93.2,94.34 2 0
github.com/KarpelesLab/libwallet/wltwallet/wallet.go:94.34,96.3 1 0
github.com/KarpelesLab/libwallet/wltwallet/wallet.go:97.2,97.12 1 0
github.com/KarpelesLab/libwallet/wltwallet/wallet.go:103.58,105.14 2 0
github.com/KarpelesLab/libwallet/wltwallet/wallet.go:105.14,107.3 1 0
github.com/KarpelesLab/libwallet/wltwallet/wallet.go:109.2,112.99 2 0
github.com/KarpelesLab/libwallet/wltwallet/wallet.go:112.99,114.3 1 0
github.com/KarpelesLab/libwallet/wltwallet/wallet.go:116.2,116.83 1 0
github.com/KarpelesLab/libwallet/wltwallet/wallet.go:116.83,118.3 1 0
github.com/KarpelesLab/libwallet/wltwallet/wallet.go:119.2,119.12 1 0
github.com/KarpelesLab/libwallet/wltwallet/wallet.go:129.95,130.22 1 1
github.com/KarpelesLab/libwallet/wltwallet/wallet.go:130.22,132.3 1 1
github.com/KarpelesLab/libwallet/wltwallet/wallet.go:133.2,136.13 3 1
github.com/KarpelesLab/libwallet/wltwallet/wallet.go:136.13,138.3 1 0
github.com/KarpelesLab/libwallet/wltwallet/wallet.go:139.2,139.23 1 1
github.com/KarpelesLab/libwallet/wltwallet/wallet.go:139.23,141.3 1 0
github.com/KarpelesLab/libwallet/wltwallet/wallet.go:142.2,142.21 1 1
github.com/KarpelesLab/libwallet/wltwallet/wallet.go:142.21,144.3 1 0
github.com/KarpelesLab/libwallet/wltwallet/wallet.go:147.2,147.30 1 1
github.com/KarpelesLab/libwallet/wltwallet/wallet.go:147.30,148.21 1 1
github.com/KarpelesLab/libwallet/wltwallet/wallet.go:149.53,149.53 0 1
github.com/KarpelesLab/libwallet/wltwallet/wallet.go:151.11,152.77 1 0
github.com/KarpelesLab/libwallet/wltwallet/wallet.go:154.3,158.17 4 1
github.com/KarpelesLab/libwallet/wltwallet/wallet.go:158.17,160.4 1 0
github.com/KarpelesLab/libwallet/wltwallet/wallet.go:161.3,161.16 1 1
github.com/KarpelesLab/libwallet/wltwallet/wallet.go:164.2,173.27 6 1
github.com/KarpelesLab/libwallet/wltwallet/wallet.go:173.27,178.3 4 1
github.com/KarpelesLab/libwallet/wltwallet/wallet.go:179.2,191.27 8 1
github.com/KarpelesLab/libwallet/wltwallet/wallet.go:191.27,196.25 5 1
github.com/KarpelesLab/libwallet/wltwallet/wallet.go:196.25,199.18 3 1
github.com/KarpelesLab/libwallet/wltwallet/wallet.go:199.18,204.5 3 0
github.com/KarpelesLab/libwallet/wltwallet/wallet.go:205.4,205.21 1 1
github.com/KarpelesLab/libwallet/wltwallet/wallet.go:208.2,213.16 4 1
github.com/KarpelesLab/libwallet/wltwallet/wallet.go:213.16,215.3 1 0
github.com/KarpelesLab/libwallet/wltwallet/wallet.go:218.2,227.30 6 1
github.com/KarpelesLab/libwallet/wltwallet/wallet.go:227.30,229.17 2 1
github.com/KarpelesLab/libwallet/wltwallet/wallet.go:229.17,231.4 1 0
github.com/KarpelesLab/libwallet/wltwallet/wallet.go:234.2,234.12 1 1
github.com/KarpelesLab/libwallet/wltwallet/wallet.go:238.100,240.22 2 0
github.com/KarpelesLab/libwallet/wltwallet/wallet.go:240.22,242.3 1 0
github.com/KarpelesLab/libwallet/wltwallet/wallet.go:243.2,246.13 3 0
github.com/KarpelesLab/libwallet/wltwallet/wallet.go:246.13,248.3 1 0
github.com/KarpelesLab/libwallet/wltwallet/wallet.go:249.2,249.23 1 0
github.com/KarpelesLab/libwallet/wltwallet/wallet.go:249.23,251.3 1 0
github.com/KarpelesLab/libwallet/wltwallet/wallet.go:252.2,252.21 1 0
github.com/KarpelesLab/libwallet/wltwallet/wallet.go:252.21,254.3 1 0
github.com/KarpelesLab/libwallet/wltwallet/wallet.go:256.2,256.30 1 0
github.com/KarpelesLab/libwallet/wltwallet/wallet.go:256.30,257.21 1 0
github.com/KarpelesLab/libwallet/wltwallet/wallet.go:258.53,258.53 0 0
github.com/KarpelesLab/libwallet/wltwallet/wallet.go:260.11,261.77 1 0
github.com/KarpelesLab/libwallet/wltwallet/wallet.go:263.3,267.17 4 0
github.com/KarpelesLab/libwallet/wltwallet/wallet.go:267.17,269.4 1 0
github.com/KarpelesLab/libwallet/wltwallet/wallet.go:270.3,270.16 1 0
github.com/KarpelesLab/libwallet/wltwallet/wallet.go:273.2,279.27 6 0
github.com/KarpelesLab/libwallet/wltwallet/wallet.go:279.27,284.3 4 0
github.com/KarpelesLab/libwallet/wltwallet/wallet.go:285.2,295.27 8 0
github.com/KarpelesLab/libwallet/wltwallet/wallet.go:295.27,300.25 5 0
github.com/KarpelesLab/libwallet/wltwallet/wallet.go:300.25,303.18 3 0
github.com/KarpelesLab/libwallet/wltwallet/wallet.go:303.18,307.5 3 0
github.com/KarpelesLab/libwallet/wltwallet/wallet.go:308.4,308.22 1 0
github.com/KarpelesLab/libwallet/wltwallet/wallet.go:311.2,315.16 4 0
github.com/KarpelesLab/libwallet/wltwallet/wallet.go:315.16,317.3 1 0
github.com/KarpelesLab/libwallet/wltwallet/wallet.go:319.2,321.29 2 0
github.com/KarpelesLab/libwallet/wltwallet/wallet.go:321.29,323.3 1 0
github.com/KarpelesLab/libwallet/wltwallet/wallet.go:326.2,332.30 6 0
github.com/KarpelesLab/libwallet/wltwallet/wallet.go:332.30,334.17 2 0
github.com/KarpelesLab/libwallet/wltwallet/wallet.go:334.17,336.4 1 0
github.com/KarpelesLab/libwallet/wltwallet/wallet.go:339.2,339.12 1 0
github.com/KarpelesLab/libwallet/wltwallet/wallet.go:344.47,345.27 1 1
github.com/KarpelesLab/libwallet/wltwallet/wallet.go:345.27,346.26 1 1
github.com/KarpelesLab/libwallet/wltwallet/wallet.go:346.26,348.4 1 1
github.com/KarpelesLab/libwallet/wltwallet/wallet.go:350.2,350.12 1 0
github.com/KarpelesLab/libwallet/wltwallet/wallet.go:362.102,363.15 1 1
github.com/KarpelesLab/libwallet/wltwallet/wallet.go:363.15,364.31 1 1
github.com/KarpelesLab/libwallet/wltwallet/wallet.go:364.31,366.44 1 0
github.com/KarpelesLab/libwallet/wltwallet/wallet.go:366.44,370.5 3 0
github.com/KarpelesLab/libwallet/wltwallet/wallet.go:373.2,374.8 2 1
github.com/KarpelesLab/libwallet/wltwallet/wallet.go:385.97,386.22 1 1
github.com/KarpelesLab/libwallet/wltwallet/wallet.go:386.22,388.3 1 0
github.com/KarpelesLab/libwallet/wltwallet/wallet.go:389.2,390.9 2 1
github.com/KarpelesLab/libwallet/wltwallet/wallet.go:390.9,392.3 1 0
github.com/KarpelesLab/libwallet/wltwallet/wallet.go:393.2,400.26 6 1
github.com/KarpelesLab/libwallet/wltwallet/wallet.go:400.26,402.15 2 1
github.com/KarpelesLab/libwallet/wltwallet/wallet.go:402.15,404.4 1 0
github.com/KarpelesLab/libwallet/wltwallet/wallet.go:405.3,408.16 4 1
github.com/KarpelesLab/libwallet/wltwallet/wallet.go:410.2,414.9 3 1
github.com/KarpelesLab/libwallet/wltwallet/wallet.go:414.9,416.3 1 0
github.com/KarpelesLab/libwallet/wltwallet/wallet.go:417.2,424.26 5 1
github.com/KarpelesLab/libwallet/wltwallet/wallet.go:424.26,426.27 1 0
github.com/KarpelesLab/libwallet/wltwallet/wallet.go:426.27,428.16 2 0
github.com/KarpelesLab/libwallet/wltwallet/wallet.go:428.16,430.5 1 0
github.com/KarpelesLab/libwallet/wltwallet/wallet.go:431.4,434.18 4 0
github.com/KarpelesLab/libwallet/wltwallet/wallet.go:434.18,436.5 1 0
github.com/KarpelesLab/libwallet/wltwallet/wallet.go:437.4,439.26 3 0
github.com/KarpelesLab/libwallet/wltwallet/wallet.go:439.26,440.18 1 0
github.com/KarpelesLab/libwallet/wltwallet/wallet.go:440.18,442.6 1 0
github.com/KarpelesLab/libwallet/wltwallet/wallet.go:443.5,444.19 2 0
github.com/KarpelesLab/libwallet/wltwallet/wallet.go:444.19,448.6 3 0
github.com/KarpelesLab/libwallet/wltwallet/wallet.go:449.5,451.30 2 0
github.com/KarpelesLab/libwallet/wltwallet/wallet.go:454.8,456.27 1 1
github.com/KarpelesLab/libwallet/wltwallet/wallet.go:456.27,458.16 2 1
github.com/KarpelesLab/libwallet/wltwallet/wallet.go:458.16,460.5 1 0
github.com/KarpelesLab/libwallet/wltwallet/wallet.go:461.4,464.18 4 1
github.com/KarpelesLab/libwallet/wltwallet/wallet.go:464.18,466.5 1 0
github.com/KarpelesLab/libwallet/wltwallet/wallet.go:467.4,469.26 3 1
github.com/KarpelesLab/libwallet/wltwallet/wallet.go:469.26,470.18 1 1
github.com/KarpelesLab/libwallet/wltwallet/wallet.go:470.18,472.6 1 1
github.com/KarpelesLab/libwallet/wltwallet/wallet.go:473.5,474.19 2 1
github.com/KarpelesLab/libwallet/wltwallet/wallet.go:474.19,478.6 3 0
github.com/KarpelesLab/libwallet/wltwallet/wallet.go:479.5,480.48 2 1
github.com/KarpelesLab/libwallet/wltwallet/wallet.go:484.2,491.9 4 1
github.com/KarpelesLab/libwallet/wltwallet/wallet.go:492.22,493.28 1 1
github.com/KarpelesLab/libwallet/wltwallet/wallet.go:494.14,495.17 1 0
github.com/KarpelesLab/libwallet/wltwallet/wallet.go:496.15,497.17 1 1
github.com/KarpelesLab/libwallet/wltwallet/wallet.go:498.11,499.53 1 0
github.com/KarpelesLab/libwallet/wltwallet/wallet.go:501.17,502.58 1 0
github.com/KarpelesLab/libwallet/wltwallet/wallet.go:509.60,511.16 2 0
github.com/KarpelesLab/libwallet/wltwallet/wallet.go:511.16,513.3 1 0
github.com/KarpelesLab/libwallet/wltwallet/wallet.go:514.2,514.35 1 0
github.com/KarpelesLab/libwallet/wltwallet/walletkey.go:41.48,43.2 1 0
github.com/KarpelesLab/libwallet/wltwallet/walletkey.go:45.87,52.26 2 1
github.com/KarpelesLab/libwallet/wltwallet/walletkey.go:52.26,55.3 1 0
github.com/KarpelesLab/libwallet/wltwallet/walletkey.go:57.2,58.16 2 1
github.com/KarpelesLab/libwallet/wltwallet/walletkey.go:58.16,60.3 1 0
github.com/KarpelesLab/libwallet/wltwallet/walletkey.go:61.2,62.19 2 1
github.com/KarpelesLab/libwallet/wltwallet/walletkey.go:66.64,68.22 2 1
github.com/KarpelesLab/libwallet/wltwallet/walletkey.go:68.22,70.3 1 0
github.com/KarpelesLab/libwallet/wltwallet/walletkey.go:70.8,72.3 1 1
github.com/KarpelesLab/libwallet/wltwallet/walletkey.go:73.2,74.16 2 1
github.com/KarpelesLab/libwallet/wltwallet/walletkey.go:74.16,76.3 1 0
github.com/KarpelesLab/libwallet/wltwallet/walletkey.go:78.2,80.17 2 1
github.com/KarpelesLab/libwallet/wltwallet/walletkey.go:81.18,84.17 2 0
github.com/KarpelesLab/libwallet/wltwallet/walletkey.go:84.17,86.4 1 0
github.com/KarpelesLab/libwallet/wltwallet/walletkey.go:87.3,88.17 2 0
github.com/KarpelesLab/libwallet/wltwallet/walletkey.go:88.17,90.4 1 0
github.com/KarpelesLab/libwallet/wltwallet/walletkey.go:91.3,94.17 3 0
github.com/KarpelesLab/libwallet/wltwallet/walletkey.go:94.17,96.4 1 0
github.com/KarpelesLab/libwallet/wltwallet/walletkey.go:97.19,102.17 3 1
github.com/KarpelesLab/libwallet/wltwallet/walletkey.go:102.17,104.18 2 0
github.com/KarpelesLab/libwallet/wltwallet/walletkey.go:104.18,106.5 1 0
github.com/KarpelesLab/libwallet/wltwallet/walletkey.go:108.3,109.29 2 1
github.com/KarpelesLab/libwallet/wltwallet/walletkey.go:109.29,112.18 3 1
github.com/KarpelesLab/libwallet/wltwallet/walletkey.go:112.18,114.5 1 0
github.com/KarpelesLab/libwallet/wltwallet/walletkey.go:115.4,116.18 2 1
github.com/KarpelesLab/libwallet/wltwallet/walletkey.go:116.18,118.5 1 0
github.com/KarpelesLab/libwallet/wltwallet/walletkey.go:119.4,119.50 1 1
github.com/KarpelesLab/libwallet/wltwallet/walletkey.go:122.3,123.17 2 1
github.com/KarpelesLab/libwallet/wltwallet/walletkey.go:123.17,125.4 1 0
github.com/KarpelesLab/libwallet/wltwallet/walletkey.go:126.15,126.15 0 1
github.com/KarpelesLab/libwallet/wltwallet/walletkey.go:128.18,130.17 2 0
github.com/KarpelesLab/libwallet/wltwallet/walletkey.go:130.17,132.4 1 0
github.com/KarpelesLab/libwallet/wltwallet/walletkey.go:133.3,135.17 3 0
github.com/KarpelesLab/libwallet/wltwallet/walletkey.go:135.17,137.4 1 0
github.com/KarpelesLab/libwallet/wltwallet/walletkey.go:138.3,141.17 3 0
github.com/KarpelesLab/libwallet/wltwallet/walletkey.go:141.17,143.4 1 0
github.com/KarpelesLab/libwallet/wltwallet/walletkey.go:144.10,145.56 1 0
github.com/KarpelesLab/libwallet/wltwallet/walletkey.go:148.2,149.16 2 1
github.com/KarpelesLab/libwallet/wltwallet/walletkey.go:149.16,151.3 1 0
github.com/KarpelesLab/libwallet/wltwallet/walletkey.go:152.2,152.28 1 1
github.com/KarpelesLab/libwallet/wltwallet/walletkey.go:152.28,155.17 2 1
github.com/KarpelesLab/libwallet/wltwallet/walletkey.go:155.17,157.4 1 0
github.com/KarpelesLab/libwallet/wltwallet/walletkey.go:158.3,158.18 1 1
github.com/KarpelesLab/libwallet/wltwallet/walletkey.go:160.2,161.12 2 1
github.com/KarpelesLab/libwallet/wltwallet/walletkey.go:164.84,165.17 1 1
github.com/KarpelesLab/libwallet/wltwallet/walletkey.go:166.18,168.17 2 0
github.com/KarpelesLab/libwallet/wltwallet/walletkey.go:168.17,170.4 1 0
github.com/KarpelesLab/libwallet/wltwallet/walletkey.go:171.3,172.17 2 0
github.com/KarpelesLab/libwallet/wltwallet/walletkey.go:172.17,174.4 1 0
github.com/KarpelesLab/libwallet/wltwallet/walletkey.go:175.3,176.17 2 0
github.com/KarpelesLab/libwallet/wltwallet/walletkey.go:176.17,178.4 1 0
github.com/KarpelesLab/libwallet/wltwallet/walletkey.go:179.3,179.36 1 0
github.com/KarpelesLab/libwallet/wltwallet/walletkey.go:179.36,181.4 1 0
github.com/KarpelesLab/libwallet/wltwallet/walletkey.go:182.3,182.32 1 0
github.com/KarpelesLab/libwallet/wltwallet/walletkey.go:183.18,185.17 2 0
github.com/KarpelesLab/libwallet/wltwallet/walletkey.go:185.17,187.4 1 0
github.com/KarpelesLab/libwallet/wltwallet/walletkey.go:188.3,189.17 2 0
github.com/KarpelesLab/libwallet/wltwallet/walletkey.go:189.17,191.4 1 0
github.com/KarpelesLab/libwallet/wltwallet/walletkey.go:192.3,193.17 2 0
github.com/KarpelesLab/libwallet/wltwallet/walletkey.go:193.17,195.4 1 0
github.com/KarpelesLab/libwallet/wltwallet/walletkey.go:196.3,196.36 1 0
github.com/KarpelesLab/libwallet/wltwallet/walletkey.go:196.36,198.4 1 0
github.com/KarpelesLab/libwallet/wltwallet/walletkey.go:199.3,199.33 1 0
github.com/KarpelesLab/libwallet/wltwallet/walletkey.go:200.15,201.36 1 1
github.com/KarpelesLab/libwallet/wltwallet/walletkey.go:202.10,203.65 1 0
github.com/KarpelesLab/libwallet/wltwallet/walletkey.go:207.124,210.16 3 1
github.com/KarpelesLab/libwallet/wltwallet/walletkey.go:210.16,212.3 1 0
github.com/KarpelesLab/libwallet/wltwallet/walletkey.go:213.2,215.16 3 1
github.com/KarpelesLab/libwallet/wltwallet/walletkey.go:215.16,217.3 1 0
github.com/KarpelesLab/libwallet/wltwallet/walletkey.go:218.2,218.19 1 1
github.com/KarpelesLab/libwallet/wltwallet/walletkey.go:221.129,224.16 3 0
github.com/KarpelesLab/libwallet/wltwallet/walletkey.go:224.16,226.3 1 0
github.com/KarpelesLab/libwallet/wltwallet/walletkey.go:227.2,229.16 3 0
github.com/KarpelesLab/libwallet/wltwallet/walletkey.go:229.16,231.3 1 0
github.com/KarpelesLab/libwallet/wltwallet/walletkey.go:232.2,232.19 1 0
github.com/KarpelesLab/libwallet/wltwallet/walletkey.go:235.76,238.16 3 1
github.com/KarpelesLab/libwallet/wltwallet/walletkey.go:238.16,240.17 2 0
github.com/KarpelesLab/libwallet/wltwallet/walletkey.go:240.17,242.4 1 0
github.com/KarpelesLab/libwallet/wltwallet/walletkey.go:244.2,245.28 2 1
github.com/KarpelesLab/libwallet/wltwallet/walletkey.go:245.28,248.17 3 1
github.com/KarpelesLab/libwallet/wltwallet/walletkey.go:248.17,250.4 1 0
github.com/KarpelesLab/libwallet/wltwallet/walletkey.go:251.3,252.17 2 1
github.com/KarpelesLab/libwallet/wltwallet/walletkey.go:252.17,254.12 2 0
github.com/KarpelesLab/libwallet/wltwallet/walletkey.go:257.3,258.27 2 1
github.com/KarpelesLab/libwallet/wltwallet/walletkey.go:262.2,267.25 4 1
github.com/KarpelesLab/libwallet/wltwallet/walletkey.go:267.25,268.21 1 1
github.com/KarpelesLab/libwallet/wltwallet/walletkey.go:268.21,270.63 2 1
github.com/KarpelesLab/libwallet/wltwallet/walletkey.go:270.63,273.5 2 0
github.com/KarpelesLab/libwallet/wltwallet/walletkey.go:274.4,275.18 2 1
github.com/KarpelesLab/libwallet/wltwallet/walletkey.go:275.18,278.5 2 1
github.com/KarpelesLab/libwallet/wltwallet/walletkey.go:279.4,279.32 1 1
github.com/KarpelesLab/libwallet/wltwallet/walletkey.go:279.32,282.5 2 0
github.com/KarpelesLab/libwallet/wltwallet/walletkey.go:283.4,283.11 1 1
github.com/KarpelesLab/libwallet/wltwallet/walletkey.go:284.18,284.18 0 1
github.com/KarpelesLab/libwallet/wltwallet/walletkey.go:285.12,285.12 0 0
github.com/KarpelesLab/libwallet/wltwallet/walletkey.go:290.2,290.9 1 1
github.com/KarpelesLab/libwallet/wltwallet/walletkey.go:291.18,292.16 1 1
github.com/KarpelesLab/libwallet/wltwallet/walletkey.go:293.20,294.23 1 0
github.com/KarpelesLab/libwallet/wltwallet/wkapi.go:13.13,21.2 2 1
github.com/KarpelesLab/libwallet/wltwallet/wkapi.go:23.85,25.14 2 0
github.com/KarpelesLab/libwallet/wltwallet/wkapi.go:25.14,27.3 1 0
github.com/KarpelesLab/libwallet/wltwallet/wkapi.go:29.2,30.16 2 0
github.com/KarpelesLab/libwallet/wltwallet/wkapi.go:30.16,32.3 1 0
github.com/KarpelesLab/libwallet/wltwallet/wkapi.go:34.2,34.47 1 0
github.com/KarpelesLab/libwallet/wltwallet/wkapi.go:37.60,39.2 1 0
github.com/KarpelesLab/libwallet/wltwallet/wkapi.go:44.17,46.14 2 0
github.com/KarpelesLab/libwallet/wltwallet/wkapi.go:46.14,48.3 1 0
github.com/KarpelesLab/libwallet/wltwallet/wkapi.go:50.2,51.15 2 0
github.com/KarpelesLab/libwallet/wltwallet/wkapi.go:51.15,53.3 1 0
github.com/KarpelesLab/libwallet/wltwallet/wkapi.go:55.2,58.16 3 0
github.com/KarpelesLab/libwallet/wltwallet/wkapi.go:58.16,60.3 1 0
github.com/KarpelesLab/libwallet/wltwallet/wkapi.go:62.2,63.16 2 0
github.com/KarpelesLab/libwallet/wltwallet/wkapi.go:63.16,65.3 1 0
github.com/KarpelesLab/libwallet/wltwallet/wkapi.go:66.2,67.16 2 0
github.com/KarpelesLab/libwallet/wltwallet/wkapi.go:67.16,69.3 1 0
github.com/KarpelesLab/libwallet/wltwallet/wkapi.go:71.2,71.16 1 0
